# JRE version: OpenJDK Runtime Environment Temurin-21.0.7+6 (21.0.7+6) (build 21.0.7+6-LTS)
# Java VM: OpenJDK 64-Bit Server VM Temurin-21.0.7+6 (21.0.7+6-LTS, mixed mode, sharing, tiered, compressed oops, compressed class ptrs, parallel gc, windows-amd64)
GC Precious Log:
 CardTable entry size: 512
 CPUs: 12 total, 12 available
 Memory: 15712M
 Large Page Support: Disabled
 NUMA Support: Disabled
 Compressed Oops: Enabled (32-bit)
 Alignments: Space 512K, Generation 512K, Heap 2M
 Heap Min Capacity: 100M
 Heap Initial Capacity: 100M
 Heap Max Capacity: 2G
 Pre-touch: Disabled
 Parallel Workers: 10
Heap:
 PSYoungGen      total 4096K, used 3897K [0x00000000d5580000, 0x00000000d5a80000, 0x0000000100000000)
  eden space 3072K, 100% used [0x00000000d5580000,0x00000000d5880000,0x00000000d5880000)
  from space 1024K, 80% used [0x00000000d5880000,0x00000000d594e420,0x00000000d5980000)
  to   space 1024K, 83% used [0x00000000d5980000,0x00000000d5a55310,0x00000000d5a80000)
 ParOldGen       total 284672K, used 284504K [0x0000000080000000, 0x0000000091600000, 0x00000000d5580000)
  object space 284672K, 99% used [0x0000000080000000,0x00000000915d6298,0x0000000091600000)
 Metaspace       used 58392K, committed 59712K, reserved 1114112K
  class space    used 6055K, committed 6656K, reserved 1048576K
GC Heap History (20 events):
Event: 8.313 GC heap after
{Heap after GC invocations=321 (full 2):
 PSYoungGen      total 4096K, used 710K [0x00000000d5580000, 0x00000000d5a80000, 0x0000000100000000)
  eden space 3072K, 0% used [0x00000000d5580000,0x00000000d5580000,0x00000000d5880000)
  from space 1024K, 69% used [0x00000000d5880000,0x00000000d59319d0,0x00000000d5980000)
  to   space 1024K, 0% used [0x00000000d5980000,0x00000000d5980000,0x00000000d5a80000)
 ParOldGen       total 279552K, used 279339K [0x0000000080000000, 0x0000000091100000, 0x00000000d5580000)
  object space 279552K, 99% used [0x0000000080000000,0x00000000910cafe0,0x0000000091100000)
 Metaspace       used 57887K, committed 59136K, reserved 1114112K
  class space    used 5971K, committed 6528K, reserved 1048576K
}
Event: 8.318 GC heap before
{Heap before GC invocations=322 (full 2):
 PSYoungGen      total 4096K, used 3782K [0x00000000d5580000, 0x00000000d5a80000, 0x0000000100000000)
  eden space 3072K, 100% used [0x00000000d5580000,0x00000000d5880000,0x00000000d5880000)
  from space 1024K, 69% used [0x00000000d5880000,0x00000000d59319d0,0x00000000d5980000)
  to   space 1024K, 0% used [0x00000000d5980000,0x00000000d5980000,0x00000000d5a80000)
 ParOldGen       total 279552K, used 279340K [0x0000000080000000, 0x0000000091100000, 0x00000000d5580000)
  object space 279552K, 99% used [0x0000000080000000,0x00000000910cb100,0x0000000091100000)
 Metaspace       used 57936K, committed 59264K, reserved 1114112K
  class space    used 5974K, committed 6528K, reserved 1048576K
}
Event: 8.319 GC heap after
{Heap after GC invocations=322 (full 2):
 PSYoungGen      total 4096K, used 884K [0x00000000d5580000, 0x00000000d5a80000, 0x0000000100000000)
  eden space 3072K, 0% used [0x00000000d5580000,0x00000000d5580000,0x00000000d5880000)
  from space 1024K, 86% used [0x00000000d5980000,0x00000000d5a5d028,0x00000000d5a80000)
  to   space 1024K, 0% used [0x00000000d5880000,0x00000000d5880000,0x00000000d5980000)
 ParOldGen       total 280064K, used 279900K [0x0000000080000000, 0x0000000091180000, 0x00000000d5580000)
  object space 280064K, 99% used [0x0000000080000000,0x0000000091157238,0x0000000091180000)
 Metaspace       used 57936K, committed 59264K, reserved 1114112K
  class space    used 5974K, committed 6528K, reserved 1048576K
}
Event: 8.322 GC heap before
{Heap before GC invocations=323 (full 2):
 PSYoungGen      total 4096K, used 3956K [0x00000000d5580000, 0x00000000d5a80000, 0x0000000100000000)
  eden space 3072K, 100% used [0x00000000d5580000,0x00000000d5880000,0x00000000d5880000)
  from space 1024K, 86% used [0x00000000d5980000,0x00000000d5a5d028,0x00000000d5a80000)
  to   space 1024K, 0% used [0x00000000d5880000,0x00000000d5880000,0x00000000d5980000)
 ParOldGen       total 280064K, used 279960K [0x0000000080000000, 0x0000000091180000, 0x00000000d5580000)
  object space 280064K, 99% used [0x0000000080000000,0x0000000091166050,0x0000000091180000)
 Metaspace       used 57969K, committed 59264K, reserved 1114112K
  class space    used 5978K, committed 6528K, reserved 1048576K
}
Event: 8.323 GC heap after
{Heap after GC invocations=323 (full 2):
 PSYoungGen      total 4096K, used 762K [0x00000000d5580000, 0x00000000d5a80000, 0x0000000100000000)
  eden space 3072K, 0% used [0x00000000d5580000,0x00000000d5580000,0x00000000d5880000)
  from space 1024K, 74% used [0x00000000d5880000,0x00000000d593eab8,0x00000000d5980000)
  to   space 1024K, 0% used [0x00000000d5980000,0x00000000d5980000,0x00000000d5a80000)
 ParOldGen       total 281088K, used 280606K [0x0000000080000000, 0x0000000091280000, 0x00000000d5580000)
  object space 281088K, 99% used [0x0000000080000000,0x00000000912078a8,0x0000000091280000)
 Metaspace       used 57969K, committed 59264K, reserved 1114112K
  class space    used 5978K, committed 6528K, reserved 1048576K
}
Event: 8.328 GC heap before
{Heap before GC invocations=324 (full 2):
 PSYoungGen      total 4096K, used 3834K [0x00000000d5580000, 0x00000000d5a80000, 0x0000000100000000)
  eden space 3072K, 100% used [0x00000000d5580000,0x00000000d5880000,0x00000000d5880000)
  from space 1024K, 74% used [0x00000000d5880000,0x00000000d593eab8,0x00000000d5980000)
  to   space 1024K, 0% used [0x00000000d5980000,0x00000000d5980000,0x00000000d5a80000)
 ParOldGen       total 281088K, used 280606K [0x0000000080000000, 0x0000000091280000, 0x00000000d5580000)
  object space 281088K, 99% used [0x0000000080000000,0x00000000912078a8,0x0000000091280000)
 Metaspace       used 58080K, committed 59456K, reserved 1114112K
  class space    used 5996K, committed 6592K, reserved 1048576K
}
Event: 8.329 GC heap after
{Heap after GC invocations=324 (full 2):
 PSYoungGen      total 4096K, used 662K [0x00000000d5580000, 0x00000000d5a80000, 0x0000000100000000)
  eden space 3072K, 0% used [0x00000000d5580000,0x00000000d5580000,0x00000000d5880000)
  from space 1024K, 64% used [0x00000000d5980000,0x00000000d5a25af0,0x00000000d5a80000)
  to   space 1024K, 0% used [0x00000000d5880000,0x00000000d5880000,0x00000000d5980000)
 ParOldGen       total 281088K, used 281056K [0x0000000080000000, 0x0000000091280000, 0x00000000d5580000)
  object space 281088K, 99% used [0x0000000080000000,0x00000000912781d8,0x0000000091280000)
 Metaspace       used 58080K, committed 59456K, reserved 1114112K
  class space    used 5996K, committed 6592K, reserved 1048576K
}
Event: 8.333 GC heap before
{Heap before GC invocations=325 (full 2):
 PSYoungGen      total 4096K, used 3734K [0x00000000d5580000, 0x00000000d5a80000, 0x0000000100000000)
  eden space 3072K, 100% used [0x00000000d5580000,0x00000000d5880000,0x00000000d5880000)
  from space 1024K, 64% used [0x00000000d5980000,0x00000000d5a25af0,0x00000000d5a80000)
  to   space 1024K, 0% used [0x00000000d5880000,0x00000000d5880000,0x00000000d5980000)
 ParOldGen       total 281088K, used 281056K [0x0000000080000000, 0x0000000091280000, 0x00000000d5580000)
  object space 281088K, 99% used [0x0000000080000000,0x00000000912781d8,0x0000000091280000)
 Metaspace       used 58181K, committed 59520K, reserved 1114112K
  class space    used 6014K, committed 6592K, reserved 1048576K
}
Event: 8.334 GC heap after
{Heap after GC invocations=325 (full 2):
 PSYoungGen      total 4096K, used 691K [0x00000000d5580000, 0x00000000d5a80000, 0x0000000100000000)
  eden space 3072K, 0% used [0x00000000d5580000,0x00000000d5580000,0x00000000d5880000)
  from space 1024K, 67% used [0x00000000d5880000,0x00000000d592cc80,0x00000000d5980000)
  to   space 1024K, 0% used [0x00000000d5980000,0x00000000d5980000,0x00000000d5a80000)
 ParOldGen       total 281600K, used 281558K [0x0000000080000000, 0x0000000091300000, 0x00000000d5580000)
  object space 281600K, 99% used [0x0000000080000000,0x00000000912f5868,0x0000000091300000)
 Metaspace       used 58181K, committed 59520K, reserved 1114112K
  class space    used 6014K, committed 6592K, reserved 1048576K
}
Event: 8.340 GC heap before
{Heap before GC invocations=326 (full 2):
 PSYoungGen      total 4096K, used 3763K [0x00000000d5580000, 0x00000000d5a80000, 0x0000000100000000)
  eden space 3072K, 100% used [0x00000000d5580000,0x00000000d5880000,0x00000000d5880000)
  from space 1024K, 67% used [0x00000000d5880000,0x00000000d592cc80,0x00000000d5980000)
  to   space 1024K, 0% used [0x00000000d5980000,0x00000000d5980000,0x00000000d5a80000)
 ParOldGen       total 281600K, used 281558K [0x0000000080000000, 0x0000000091300000, 0x00000000d5580000)
  object space 281600K, 99% used [0x0000000080000000,0x00000000912f5868,0x0000000091300000)
 Metaspace       used 58286K, committed 59584K, reserved 1114112K
  class space    used 6025K, committed 6592K, reserved 1048576K
}
Event: 8.341 GC heap after
{Heap after GC invocations=326 (full 2):
 PSYoungGen      total 4096K, used 724K [0x00000000d5580000, 0x00000000d5a80000, 0x0000000100000000)
  eden space 3072K, 0% used [0x00000000d5580000,0x00000000d5580000,0x00000000d5880000)
  from space 1024K, 70% used [0x00000000d5980000,0x00000000d5a35118,0x00000000d5a80000)
  to   space 1024K, 0% used [0x00000000d5880000,0x00000000d5880000,0x00000000d5980000)
 ParOldGen       total 282112K, used 282086K [0x0000000080000000, 0x0000000091380000, 0x00000000d5580000)
  object space 282112K, 99% used [0x0000000080000000,0x0000000091379ac0,0x0000000091380000)
 Metaspace       used 58286K, committed 59584K, reserved 1114112K
  class space    used 6025K, committed 6592K, reserved 1048576K
}
Event: 8.347 GC heap before
{Heap before GC invocations=327 (full 2):
 PSYoungGen      total 4096K, used 3796K [0x00000000d5580000, 0x00000000d5a80000, 0x0000000100000000)
  eden space 3072K, 100% used [0x00000000d5580000,0x00000000d5880000,0x00000000d5880000)
  from space 1024K, 70% used [0x00000000d5980000,0x00000000d5a35118,0x00000000d5a80000)
  to   space 1024K, 0% used [0x00000000d5880000,0x00000000d5880000,0x00000000d5980000)
 ParOldGen       total 282112K, used 282086K [0x0000000080000000, 0x0000000091380000, 0x00000000d5580000)
  object space 282112K, 99% used [0x0000000080000000,0x0000000091379ac0,0x0000000091380000)
 Metaspace       used 58362K, committed 59648K, reserved 1114112K
  class space    used 6044K, committed 6592K, reserved 1048576K
}
Event: 8.348 GC heap after
{Heap after GC invocations=327 (full 2):
 PSYoungGen      total 4096K, used 752K [0x00000000d5580000, 0x00000000d5a80000, 0x0000000100000000)
  eden space 3072K, 0% used [0x00000000d5580000,0x00000000d5580000,0x00000000d5880000)
  from space 1024K, 73% used [0x00000000d5880000,0x00000000d593c0a8,0x00000000d5980000)
  to   space 1024K, 0% used [0x00000000d5980000,0x00000000d5980000,0x00000000d5a80000)
 ParOldGen       total 283136K, used 282705K [0x0000000080000000, 0x0000000091480000, 0x00000000d5580000)
  object space 283136K, 99% used [0x0000000080000000,0x0000000091414718,0x0000000091480000)
 Metaspace       used 58362K, committed 59648K, reserved 1114112K
  class space    used 6044K, committed 6592K, reserved 1048576K
}
Event: 8.355 GC heap before
{Heap before GC invocations=328 (full 2):
 PSYoungGen      total 4096K, used 3824K [0x00000000d5580000, 0x00000000d5a80000, 0x0000000100000000)
  eden space 3072K, 100% used [0x00000000d5580000,0x00000000d5880000,0x00000000d5880000)
  from space 1024K, 73% used [0x00000000d5880000,0x00000000d593c0a8,0x00000000d5980000)
  to   space 1024K, 0% used [0x00000000d5980000,0x00000000d5980000,0x00000000d5a80000)
 ParOldGen       total 283136K, used 282705K [0x0000000080000000, 0x0000000091480000, 0x00000000d5580000)
  object space 283136K, 99% used [0x0000000080000000,0x0000000091414718,0x0000000091480000)
 Metaspace       used 58389K, committed 59712K, reserved 1114112K
  class space    used 6054K, committed 6656K, reserved 1048576K
}
Event: 8.356 GC heap after
{Heap after GC invocations=328 (full 2):
 PSYoungGen      total 4096K, used 871K [0x00000000d5580000, 0x00000000d5a80000, 0x0000000100000000)
  eden space 3072K, 0% used [0x00000000d5580000,0x00000000d5580000,0x00000000d5880000)
  from space 1024K, 85% used [0x00000000d5980000,0x00000000d5a59f80,0x00000000d5a80000)
  to   space 1024K, 0% used [0x00000000d5880000,0x00000000d5880000,0x00000000d5980000)
 ParOldGen       total 283648K, used 283329K [0x0000000080000000, 0x0000000091500000, 0x00000000d5580000)
  object space 283648K, 99% used [0x0000000080000000,0x00000000914b06d8,0x0000000091500000)
 Metaspace       used 58389K, committed 59712K, reserved 1114112K
  class space    used 6054K, committed 6656K, reserved 1048576K
}
Event: 8.361 GC heap before
{Heap before GC invocations=329 (full 2):
 PSYoungGen      total 4096K, used 3943K [0x00000000d5580000, 0x00000000d5a80000, 0x0000000100000000)
  eden space 3072K, 100% used [0x00000000d5580000,0x00000000d5880000,0x00000000d5880000)
  from space 1024K, 85% used [0x00000000d5980000,0x00000000d5a59f80,0x00000000d5a80000)
  to   space 1024K, 0% used [0x00000000d5880000,0x00000000d5880000,0x00000000d5980000)
 ParOldGen       total 283648K, used 283329K [0x0000000080000000, 0x0000000091500000, 0x00000000d5580000)
  object space 283648K, 99% used [0x0000000080000000,0x00000000914b06d8,0x0000000091500000)
 Metaspace       used 58392K, committed 59712K, reserved 1114112K
  class space    used 6055K, committed 6656K, reserved 1048576K
}
Event: 8.362 GC heap after
{Heap after GC invocations=329 (full 2):
 PSYoungGen      total 4096K, used 825K [0x00000000d5580000, 0x00000000d5a80000, 0x0000000100000000)
  eden space 3072K, 0% used [0x00000000d5580000,0x00000000d5580000,0x00000000d5880000)
  from space 1024K, 80% used [0x00000000d5880000,0x00000000d594e420,0x00000000d5980000)
  to   space 1024K, 0% used [0x00000000d5980000,0x00000000d5980000,0x00000000d5a80000)
 ParOldGen       total 284160K, used 283983K [0x0000000080000000, 0x0000000091580000, 0x00000000d5580000)
  object space 284160K, 99% used [0x0000000080000000,0x0000000091553e90,0x0000000091580000)
 Metaspace       used 58392K, committed 59712K, reserved 1114112K
  class space    used 6055K, committed 6656K, reserved 1048576K
}
Event: 8.366 GC heap before
{Heap before GC invocations=330 (full 2):
 PSYoungGen      total 4096K, used 3897K [0x00000000d5580000, 0x00000000d5a80000, 0x0000000100000000)
  eden space 3072K, 100% used [0x00000000d5580000,0x00000000d5880000,0x00000000d5880000)
  from space 1024K, 80% used [0x00000000d5880000,0x00000000d594e420,0x00000000d5980000)
  to   space 1024K, 0% used [0x00000000d5980000,0x00000000d5980000,0x00000000d5a80000)
 ParOldGen       total 284160K, used 283983K [0x0000000080000000, 0x0000000091580000, 0x00000000d5580000)
  object space 284160K, 99% used [0x0000000080000000,0x0000000091553e90,0x0000000091580000)
 Metaspace       used 58392K, committed 59712K, reserved 1114112K
  class space    used 6055K, committed 6656K, reserved 1048576K
}
Event: 8.367 GC heap after
{Heap after GC invocations=330 (full 2):
 PSYoungGen      total 4096K, used 3897K [0x00000000d5580000, 0x00000000d5a80000, 0x0000000100000000)
  eden space 3072K, 100% used [0x00000000d5580000,0x00000000d5880000,0x00000000d5880000)
  from space 1024K, 80% used [0x00000000d5880000,0x00000000d594e420,0x00000000d5980000)
  to   space 1024K, 83% used [0x00000000d5980000,0x00000000d5a55310,0x00000000d5a80000)
 ParOldGen       total 284672K, used 284504K [0x0000000080000000, 0x0000000091600000, 0x00000000d5580000)
  object space 284672K, 99% used [0x0000000080000000,0x00000000915d6298,0x0000000091600000)
 Metaspace       used 58392K, committed 59712K, reserved 1114112K
  class space    used 6055K, committed 6656K, reserved 1048576K
}
Event: 8.367 GC heap before
{Heap before GC invocations=331 (full 3):
 PSYoungGen      total 4096K, used 3897K [0x00000000d5580000, 0x00000000d5a80000, 0x0000000100000000)
  eden space 3072K, 100% used [0x00000000d5580000,0x00000000d5880000,0x00000000d5880000)
  from space 1024K, 80% used [0x00000000d5880000,0x00000000d594e420,0x00000000d5980000)
  to   space 1024K, 83% used [0x00000000d5980000,0x00000000d5a55310,0x00000000d5a80000)
 ParOldGen       total 284672K, used 284504K [0x0000000080000000, 0x0000000091600000, 0x00000000d5580000)
  object space 284672K, 99% used [0x0000000080000000,0x00000000915d6298,0x0000000091600000)
 Metaspace       used 58392K, committed 59712K, reserved 1114112K
  class space    used 6055K, committed 6656K, reserved 1048576K
}

