# JRE version: OpenJDK Runtime Environment Temurin-21.0.7+6 (21.0.7+6) (build 21.0.7+6-LTS)
# Java VM: OpenJDK 64-Bit Server VM Temurin-21.0.7+6 (21.0.7+6-LTS, mixed mode, sharing, tiered, compressed oops, compressed class ptrs, parallel gc, windows-amd64)
GC Precious Log:
 CardTable entry size: 512
 CPUs: 12 total, 12 available
 Memory: 15712M
 Large Page Support: Disabled
 NUMA Support: Disabled
 Compressed Oops: Enabled (32-bit)
 Alignments: Space 512K, Generation 512K, Heap 2M
 Heap Min Capacity: 100M
 Heap Initial Capacity: 100M
 Heap Max Capacity: 2G
 Pre-touch: Disabled
 Parallel Workers: 10
Heap:
 PSYoungGen      total 20480K, used 20459K [0x00000000d5580000, 0x00000000d6e00000, 0x0000000100000000)
  eden space 16896K, 100% used [0x00000000d5580000,0x00000000d6600000,0x00000000d6600000)
  from space 3584K, 99% used [0x00000000d6600000,0x00000000d697ac70,0x00000000d6980000)
  to   space 4096K, 93% used [0x00000000d6a00000,0x00000000d6db9230,0x00000000d6e00000)
 ParOldGen       total 278016K, used 277506K [0x0000000080000000, 0x0000000090f80000, 0x00000000d5580000)
  object space 278016K, 99% used [0x0000000080000000,0x0000000090f009d8,0x0000000090f80000)
 Metaspace       used 57598K, committed 58944K, reserved 1114112K
  class space    used 5934K, committed 6528K, reserved 1048576K
GC Heap History (20 events):
Event: 6.961 GC heap after
{Heap after GC invocations=161 (full 2):
 PSYoungGen      total 8704K, used 1527K [0x00000000d5580000, 0x00000000d6500000, 0x0000000100000000)
  eden space 7168K, 0% used [0x00000000d5580000,0x00000000d5580000,0x00000000d5c80000)
  from space 1536K, 99% used [0x00000000d5c80000,0x00000000d5dfdc90,0x00000000d5e00000)
  to   space 3584K, 0% used [0x00000000d6180000,0x00000000d6180000,0x00000000d6500000)
 ParOldGen       total 255488K, used 255466K [0x0000000080000000, 0x000000008f980000, 0x00000000d5580000)
  object space 255488K, 99% used [0x0000000080000000,0x000000008f97a8c8,0x000000008f980000)
 Metaspace       used 56857K, committed 58176K, reserved 1114112K
  class space    used 5889K, committed 6464K, reserved 1048576K
}
Event: 6.972 GC heap before
{Heap before GC invocations=162 (full 2):
 PSYoungGen      total 8704K, used 8695K [0x00000000d5580000, 0x00000000d6500000, 0x0000000100000000)
  eden space 7168K, 100% used [0x00000000d5580000,0x00000000d5c80000,0x00000000d5c80000)
  from space 1536K, 99% used [0x00000000d5c80000,0x00000000d5dfdc90,0x00000000d5e00000)
  to   space 3584K, 0% used [0x00000000d6180000,0x00000000d6180000,0x00000000d6500000)
 ParOldGen       total 255488K, used 255466K [0x0000000080000000, 0x000000008f980000, 0x00000000d5580000)
  object space 255488K, 99% used [0x0000000080000000,0x000000008f97a8c8,0x000000008f980000)
 Metaspace       used 56887K, committed 58176K, reserved 1114112K
  class space    used 5889K, committed 6464K, reserved 1048576K
}
Event: 6.976 GC heap after
{Heap after GC invocations=162 (full 2):
 PSYoungGen      total 11776K, used 2588K [0x00000000d5580000, 0x00000000d6480000, 0x0000000100000000)
  eden space 8704K, 0% used [0x00000000d5580000,0x00000000d5580000,0x00000000d5e00000)
  from space 3072K, 84% used [0x00000000d6180000,0x00000000d6407288,0x00000000d6480000)
  to   space 3072K, 0% used [0x00000000d5e80000,0x00000000d5e80000,0x00000000d6180000)
 ParOldGen       total 257024K, used 256984K [0x0000000080000000, 0x000000008fb00000, 0x00000000d5580000)
  object space 257024K, 99% used [0x0000000080000000,0x000000008faf6218,0x000000008fb00000)
 Metaspace       used 56887K, committed 58176K, reserved 1114112K
  class space    used 5889K, committed 6464K, reserved 1048576K
}
Event: 6.989 GC heap before
{Heap before GC invocations=163 (full 2):
 PSYoungGen      total 11776K, used 11253K [0x00000000d5580000, 0x00000000d6480000, 0x0000000100000000)
  eden space 8704K, 99% used [0x00000000d5580000,0x00000000d5df6378,0x00000000d5e00000)
  from space 3072K, 84% used [0x00000000d6180000,0x00000000d6407288,0x00000000d6480000)
  to   space 3072K, 0% used [0x00000000d5e80000,0x00000000d5e80000,0x00000000d6180000)
 ParOldGen       total 257024K, used 256984K [0x0000000080000000, 0x000000008fb00000, 0x00000000d5580000)
  object space 257024K, 99% used [0x0000000080000000,0x000000008faf6218,0x000000008fb00000)
 Metaspace       used 56903K, committed 58176K, reserved 1114112K
  class space    used 5889K, committed 6464K, reserved 1048576K
}
Event: 6.995 GC heap after
{Heap after GC invocations=163 (full 2):
 PSYoungGen      total 12288K, used 2813K [0x00000000d5580000, 0x00000000d6600000, 0x0000000100000000)
  eden space 9216K, 0% used [0x00000000d5580000,0x00000000d5580000,0x00000000d5e80000)
  from space 3072K, 91% used [0x00000000d5e80000,0x00000000d613f6f0,0x00000000d6180000)
  to   space 3072K, 0% used [0x00000000d6300000,0x00000000d6300000,0x00000000d6600000)
 ParOldGen       total 259584K, used 259379K [0x0000000080000000, 0x000000008fd80000, 0x00000000d5580000)
  object space 259584K, 99% used [0x0000000080000000,0x000000008fd4cd90,0x000000008fd80000)
 Metaspace       used 56903K, committed 58176K, reserved 1114112K
  class space    used 5889K, committed 6464K, reserved 1048576K
}
Event: 7.009 GC heap before
{Heap before GC invocations=164 (full 2):
 PSYoungGen      total 12288K, used 12029K [0x00000000d5580000, 0x00000000d6600000, 0x0000000100000000)
  eden space 9216K, 100% used [0x00000000d5580000,0x00000000d5e80000,0x00000000d5e80000)
  from space 3072K, 91% used [0x00000000d5e80000,0x00000000d613f6f0,0x00000000d6180000)
  to   space 3072K, 0% used [0x00000000d6300000,0x00000000d6300000,0x00000000d6600000)
 ParOldGen       total 259584K, used 259379K [0x0000000080000000, 0x000000008fd80000, 0x00000000d5580000)
  object space 259584K, 99% used [0x0000000080000000,0x000000008fd4cd90,0x000000008fd80000)
 Metaspace       used 57120K, committed 58432K, reserved 1114112K
  class space    used 5900K, committed 6464K, reserved 1048576K
}
Event: 7.015 GC heap after
{Heap after GC invocations=164 (full 2):
 PSYoungGen      total 13824K, used 2055K [0x00000000d5580000, 0x00000000d6580000, 0x0000000100000000)
  eden space 11264K, 0% used [0x00000000d5580000,0x00000000d5580000,0x00000000d6080000)
  from space 2560K, 80% used [0x00000000d6300000,0x00000000d6501e90,0x00000000d6580000)
  to   space 2560K, 0% used [0x00000000d6080000,0x00000000d6080000,0x00000000d6300000)
 ParOldGen       total 262144K, used 261912K [0x0000000080000000, 0x0000000090000000, 0x00000000d5580000)
  object space 262144K, 99% used [0x0000000080000000,0x000000008ffc6268,0x0000000090000000)
 Metaspace       used 57120K, committed 58432K, reserved 1114112K
  class space    used 5900K, committed 6464K, reserved 1048576K
}
Event: 7.034 GC heap before
{Heap before GC invocations=165 (full 2):
 PSYoungGen      total 13824K, used 13319K [0x00000000d5580000, 0x00000000d6580000, 0x0000000100000000)
  eden space 11264K, 100% used [0x00000000d5580000,0x00000000d6080000,0x00000000d6080000)
  from space 2560K, 80% used [0x00000000d6300000,0x00000000d6501e90,0x00000000d6580000)
  to   space 2560K, 0% used [0x00000000d6080000,0x00000000d6080000,0x00000000d6300000)
 ParOldGen       total 262144K, used 261912K [0x0000000080000000, 0x0000000090000000, 0x00000000d5580000)
  object space 262144K, 99% used [0x0000000080000000,0x000000008ffc6268,0x0000000090000000)
 Metaspace       used 57335K, committed 58688K, reserved 1114112K
  class space    used 5911K, committed 6528K, reserved 1048576K
}
Event: 7.038 GC heap after
{Heap after GC invocations=165 (full 2):
 PSYoungGen      total 13824K, used 2528K [0x00000000d5580000, 0x00000000d6d00000, 0x0000000100000000)
  eden space 11264K, 0% used [0x00000000d5580000,0x00000000d5580000,0x00000000d6080000)
  from space 2560K, 98% used [0x00000000d6080000,0x00000000d62f8020,0x00000000d6300000)
  to   space 5120K, 0% used [0x00000000d6800000,0x00000000d6800000,0x00000000d6d00000)
 ParOldGen       total 264192K, used 263834K [0x0000000080000000, 0x0000000090200000, 0x00000000d5580000)
  object space 264192K, 99% used [0x0000000080000000,0x00000000901a68a0,0x0000000090200000)
 Metaspace       used 57335K, committed 58688K, reserved 1114112K
  class space    used 5911K, committed 6528K, reserved 1048576K
}
Event: 7.056 GC heap before
{Heap before GC invocations=166 (full 2):
 PSYoungGen      total 13824K, used 13792K [0x00000000d5580000, 0x00000000d6d00000, 0x0000000100000000)
  eden space 11264K, 100% used [0x00000000d5580000,0x00000000d6080000,0x00000000d6080000)
  from space 2560K, 98% used [0x00000000d6080000,0x00000000d62f8020,0x00000000d6300000)
  to   space 5120K, 0% used [0x00000000d6800000,0x00000000d6800000,0x00000000d6d00000)
 ParOldGen       total 264192K, used 263834K [0x0000000080000000, 0x0000000090200000, 0x00000000d5580000)
  object space 264192K, 99% used [0x0000000080000000,0x00000000901a68a0,0x0000000090200000)
 Metaspace       used 57339K, committed 58688K, reserved 1114112K
  class space    used 5911K, committed 6528K, reserved 1048576K
}
Event: 7.060 GC heap after
{Heap after GC invocations=166 (full 2):
 PSYoungGen      total 16896K, used 2963K [0x00000000d5580000, 0x00000000d6b00000, 0x0000000100000000)
  eden space 13824K, 0% used [0x00000000d5580000,0x00000000d5580000,0x00000000d6300000)
  from space 3072K, 96% used [0x00000000d6800000,0x00000000d6ae4cf8,0x00000000d6b00000)
  to   space 3584K, 0% used [0x00000000d6400000,0x00000000d6400000,0x00000000d6780000)
 ParOldGen       total 266240K, used 266227K [0x0000000080000000, 0x0000000090400000, 0x00000000d5580000)
  object space 266240K, 99% used [0x0000000080000000,0x00000000903fcca8,0x0000000090400000)
 Metaspace       used 57339K, committed 58688K, reserved 1114112K
  class space    used 5911K, committed 6528K, reserved 1048576K
}
Event: 7.079 GC heap before
{Heap before GC invocations=167 (full 2):
 PSYoungGen      total 16896K, used 16787K [0x00000000d5580000, 0x00000000d6b00000, 0x0000000100000000)
  eden space 13824K, 100% used [0x00000000d5580000,0x00000000d6300000,0x00000000d6300000)
  from space 3072K, 96% used [0x00000000d6800000,0x00000000d6ae4cf8,0x00000000d6b00000)
  to   space 3584K, 0% used [0x00000000d6400000,0x00000000d6400000,0x00000000d6780000)
 ParOldGen       total 266240K, used 266227K [0x0000000080000000, 0x0000000090400000, 0x00000000d5580000)
  object space 266240K, 99% used [0x0000000080000000,0x00000000903fcca8,0x0000000090400000)
 Metaspace       used 57454K, committed 58752K, reserved 1114112K
  class space    used 5922K, committed 6528K, reserved 1048576K
}
Event: 7.083 GC heap after
{Heap after GC invocations=167 (full 2):
 PSYoungGen      total 18432K, used 3097K [0x00000000d5580000, 0x00000000d6d00000, 0x0000000100000000)
  eden space 14848K, 0% used [0x00000000d5580000,0x00000000d5580000,0x00000000d6400000)
  from space 3584K, 86% used [0x00000000d6400000,0x00000000d6706658,0x00000000d6780000)
  to   space 3584K, 0% used [0x00000000d6980000,0x00000000d6980000,0x00000000d6d00000)
 ParOldGen       total 269312K, used 268841K [0x0000000080000000, 0x0000000090700000, 0x00000000d5580000)
  object space 269312K, 99% used [0x0000000080000000,0x000000009068a5f0,0x0000000090700000)
 Metaspace       used 57454K, committed 58752K, reserved 1114112K
  class space    used 5922K, committed 6528K, reserved 1048576K
}
Event: 7.104 GC heap before
{Heap before GC invocations=168 (full 2):
 PSYoungGen      total 18432K, used 17945K [0x00000000d5580000, 0x00000000d6d00000, 0x0000000100000000)
  eden space 14848K, 100% used [0x00000000d5580000,0x00000000d6400000,0x00000000d6400000)
  from space 3584K, 86% used [0x00000000d6400000,0x00000000d6706658,0x00000000d6780000)
  to   space 3584K, 0% used [0x00000000d6980000,0x00000000d6980000,0x00000000d6d00000)
 ParOldGen       total 269312K, used 268841K [0x0000000080000000, 0x0000000090700000, 0x00000000d5580000)
  object space 269312K, 99% used [0x0000000080000000,0x000000009068a5f0,0x0000000090700000)
 Metaspace       used 57555K, committed 58880K, reserved 1114112K
  class space    used 5933K, committed 6528K, reserved 1048576K
}
Event: 7.109 GC heap after
{Heap after GC invocations=168 (full 2):
 PSYoungGen      total 20480K, used 3098K [0x00000000d5580000, 0x00000000d6e00000, 0x0000000100000000)
  eden space 16896K, 0% used [0x00000000d5580000,0x00000000d5580000,0x00000000d6600000)
  from space 3584K, 86% used [0x00000000d6980000,0x00000000d6c86a48,0x00000000d6d00000)
  to   space 3584K, 0% used [0x00000000d6600000,0x00000000d6600000,0x00000000d6980000)
 ParOldGen       total 271872K, used 271690K [0x0000000080000000, 0x0000000090980000, 0x00000000d5580000)
  object space 271872K, 99% used [0x0000000080000000,0x0000000090952b90,0x0000000090980000)
 Metaspace       used 57555K, committed 58880K, reserved 1114112K
  class space    used 5933K, committed 6528K, reserved 1048576K
}
Event: 7.134 GC heap before
{Heap before GC invocations=169 (full 2):
 PSYoungGen      total 20480K, used 19994K [0x00000000d5580000, 0x00000000d6e00000, 0x0000000100000000)
  eden space 16896K, 100% used [0x00000000d5580000,0x00000000d6600000,0x00000000d6600000)
  from space 3584K, 86% used [0x00000000d6980000,0x00000000d6c86a48,0x00000000d6d00000)
  to   space 3584K, 0% used [0x00000000d6600000,0x00000000d6600000,0x00000000d6980000)
 ParOldGen       total 271872K, used 271690K [0x0000000080000000, 0x0000000090980000, 0x00000000d5580000)
  object space 271872K, 99% used [0x0000000080000000,0x0000000090952b90,0x0000000090980000)
 Metaspace       used 57598K, committed 58944K, reserved 1114112K
  class space    used 5934K, committed 6528K, reserved 1048576K
}
Event: 7.138 GC heap after
{Heap after GC invocations=169 (full 2):
 PSYoungGen      total 20480K, used 3563K [0x00000000d5580000, 0x00000000d6e00000, 0x0000000100000000)
  eden space 16896K, 0% used [0x00000000d5580000,0x00000000d5580000,0x00000000d6600000)
  from space 3584K, 99% used [0x00000000d6600000,0x00000000d697ac70,0x00000000d6980000)
  to   space 4096K, 0% used [0x00000000d6a00000,0x00000000d6a00000,0x00000000d6e00000)
 ParOldGen       total 274944K, used 274596K [0x0000000080000000, 0x0000000090c80000, 0x00000000d5580000)
  object space 274944K, 99% used [0x0000000080000000,0x0000000090c290b8,0x0000000090c80000)
 Metaspace       used 57598K, committed 58944K, reserved 1114112K
  class space    used 5934K, committed 6528K, reserved 1048576K
}
Event: 7.163 GC heap before
{Heap before GC invocations=170 (full 2):
 PSYoungGen      total 20480K, used 20459K [0x00000000d5580000, 0x00000000d6e00000, 0x0000000100000000)
  eden space 16896K, 100% used [0x00000000d5580000,0x00000000d6600000,0x00000000d6600000)
  from space 3584K, 99% used [0x00000000d6600000,0x00000000d697ac70,0x00000000d6980000)
  to   space 4096K, 0% used [0x00000000d6a00000,0x00000000d6a00000,0x00000000d6e00000)
 ParOldGen       total 274944K, used 274596K [0x0000000080000000, 0x0000000090c80000, 0x00000000d5580000)
  object space 274944K, 99% used [0x0000000080000000,0x0000000090c290b8,0x0000000090c80000)
 Metaspace       used 57598K, committed 58944K, reserved 1114112K
  class space    used 5934K, committed 6528K, reserved 1048576K
}
Event: 7.167 GC heap after
{Heap after GC invocations=170 (full 2):
 PSYoungGen      total 20480K, used 20459K [0x00000000d5580000, 0x00000000d6e00000, 0x0000000100000000)
  eden space 16896K, 100% used [0x00000000d5580000,0x00000000d6600000,0x00000000d6600000)
  from space 3584K, 99% used [0x00000000d6600000,0x00000000d697ac70,0x00000000d6980000)
  to   space 4096K, 93% used [0x00000000d6a00000,0x00000000d6db9230,0x00000000d6e00000)
 ParOldGen       total 278016K, used 277506K [0x0000000080000000, 0x0000000090f80000, 0x00000000d5580000)
  object space 278016K, 99% used [0x0000000080000000,0x0000000090f009d8,0x0000000090f80000)
 Metaspace       used 57598K, committed 58944K, reserved 1114112K
  class space    used 5934K, committed 6528K, reserved 1048576K
}
Event: 7.167 GC heap before
{Heap before GC invocations=171 (full 3):
 PSYoungGen      total 20480K, used 20459K [0x00000000d5580000, 0x00000000d6e00000, 0x0000000100000000)
  eden space 16896K, 100% used [0x00000000d5580000,0x00000000d6600000,0x00000000d6600000)
  from space 3584K, 99% used [0x00000000d6600000,0x00000000d697ac70,0x00000000d6980000)
  to   space 4096K, 93% used [0x00000000d6a00000,0x00000000d6db9230,0x00000000d6e00000)
 ParOldGen       total 278016K, used 277506K [0x0000000080000000, 0x0000000090f80000, 0x00000000d5580000)
  object space 278016K, 99% used [0x0000000080000000,0x0000000090f009d8,0x0000000090f80000)
 Metaspace       used 57598K, committed 58944K, reserved 1114112K
  class space    used 5934K, committed 6528K, reserved 1048576K
}

