# JRE version: OpenJDK Runtime Environment Temurin-21.0.7+6 (21.0.7+6) (build 21.0.7+6-LTS)
# Java VM: OpenJDK 64-Bit Server VM Temurin-21.0.7+6 (21.0.7+6-LTS, mixed mode, sharing, tiered, compressed oops, compressed class ptrs, parallel gc, windows-amd64)
GC Precious Log:
 CardTable entry size: 512
 CPUs: 12 total, 12 available
 Memory: 15712M
 Large Page Support: Disabled
 NUMA Support: Disabled
 Compressed Oops: Enabled (32-bit)
 Alignments: Space 512K, Generation 512K, Heap 2M
 Heap Min Capacity: 100M
 Heap Initial Capacity: 100M
 Heap Max Capacity: 2G
 Pre-touch: Disabled
 Parallel Workers: 10
Heap:
 PSYoungGen      total 4096K, used 2795K [0x00000000d5580000, 0x00000000d5a80000, 0x0000000100000000)
  eden space 3072K, 66% used [0x00000000d5580000,0x00000000d5781590,0x00000000d5880000)
  from space 1024K, 73% used [0x00000000d5980000,0x00000000d5a3c620,0x00000000d5a80000)
  to   space 1024K, 0% used [0x00000000d5880000,0x00000000d5880000,0x00000000d5980000)
 ParOldGen       total 258560K, used 250065K [0x0000000080000000, 0x000000008fc80000, 0x00000000d5580000)
  object space 258560K, 96% used [0x0000000080000000,0x000000008f434708,0x000000008fc80000)
 Metaspace       used 60252K, committed 61632K, reserved 1114112K
  class space    used 6271K, committed 6848K, reserved 1048576K
GC Heap History (20 events):
Event: 9.285 GC heap before
{Heap before GC invocations=191 (full 3):
 PSYoungGen      total 5120K, used 5064K [0x00000000d5580000, 0x00000000d5c80000, 0x0000000100000000)
  eden space 4096K, 100% used [0x00000000d5580000,0x00000000d5980000,0x00000000d5980000)
  from space 1024K, 94% used [0x00000000d5a80000,0x00000000d5b72050,0x00000000d5b80000)
  to   space 1024K, 0% used [0x00000000d5b80000,0x00000000d5b80000,0x00000000d5c80000)
 ParOldGen       total 258560K, used 238068K [0x0000000080000000, 0x000000008fc80000, 0x00000000d5580000)
  object space 258560K, 92% used [0x0000000080000000,0x000000008e87d1c0,0x000000008fc80000)
 Metaspace       used 59950K, committed 61312K, reserved 1114112K
  class space    used 6224K, committed 6784K, reserved 1048576K
}
Event: 9.287 GC heap after
{Heap after GC invocations=191 (full 3):
 PSYoungGen      total 5120K, used 1009K [0x00000000d5580000, 0x00000000d5c80000, 0x0000000100000000)
  eden space 4096K, 0% used [0x00000000d5580000,0x00000000d5580000,0x00000000d5980000)
  from space 1024K, 98% used [0x00000000d5b80000,0x00000000d5c7c498,0x00000000d5c80000)
  to   space 1024K, 0% used [0x00000000d5a80000,0x00000000d5a80000,0x00000000d5b80000)
 ParOldGen       total 258560K, used 238872K [0x0000000080000000, 0x000000008fc80000, 0x00000000d5580000)
  object space 258560K, 92% used [0x0000000080000000,0x000000008e9463b8,0x000000008fc80000)
 Metaspace       used 59950K, committed 61312K, reserved 1114112K
  class space    used 6224K, committed 6784K, reserved 1048576K
}
Event: 9.301 GC heap before
{Heap before GC invocations=192 (full 3):
 PSYoungGen      total 5120K, used 5105K [0x00000000d5580000, 0x00000000d5c80000, 0x0000000100000000)
  eden space 4096K, 100% used [0x00000000d5580000,0x00000000d5980000,0x00000000d5980000)
  from space 1024K, 98% used [0x00000000d5b80000,0x00000000d5c7c498,0x00000000d5c80000)
  to   space 1024K, 0% used [0x00000000d5a80000,0x00000000d5a80000,0x00000000d5b80000)
 ParOldGen       total 258560K, used 238872K [0x0000000080000000, 0x000000008fc80000, 0x00000000d5580000)
  object space 258560K, 92% used [0x0000000080000000,0x000000008e9463b8,0x000000008fc80000)
 Metaspace       used 59981K, committed 61312K, reserved 1114112K
  class space    used 6233K, committed 6784K, reserved 1048576K
}
Event: 9.304 GC heap after
{Heap after GC invocations=192 (full 3):
 PSYoungGen      total 5120K, used 1009K [0x00000000d5580000, 0x00000000d5d80000, 0x0000000100000000)
  eden space 4096K, 0% used [0x00000000d5580000,0x00000000d5580000,0x00000000d5980000)
  from space 1024K, 98% used [0x00000000d5a80000,0x00000000d5b7c510,0x00000000d5b80000)
  to   space 2048K, 0% used [0x00000000d5b80000,0x00000000d5b80000,0x00000000d5d80000)
 ParOldGen       total 258560K, used 239740K [0x0000000080000000, 0x000000008fc80000, 0x00000000d5580000)
  object space 258560K, 92% used [0x0000000080000000,0x000000008ea1f368,0x000000008fc80000)
 Metaspace       used 59981K, committed 61312K, reserved 1114112K
  class space    used 6233K, committed 6784K, reserved 1048576K
}
Event: 9.328 GC heap before
{Heap before GC invocations=193 (full 3):
 PSYoungGen      total 5120K, used 5105K [0x00000000d5580000, 0x00000000d5d80000, 0x0000000100000000)
  eden space 4096K, 100% used [0x00000000d5580000,0x00000000d5980000,0x00000000d5980000)
  from space 1024K, 98% used [0x00000000d5a80000,0x00000000d5b7c510,0x00000000d5b80000)
  to   space 2048K, 0% used [0x00000000d5b80000,0x00000000d5b80000,0x00000000d5d80000)
 ParOldGen       total 258560K, used 239740K [0x0000000080000000, 0x000000008fc80000, 0x00000000d5580000)
  object space 258560K, 92% used [0x0000000080000000,0x000000008ea1f368,0x000000008fc80000)
 Metaspace       used 59998K, committed 61376K, reserved 1114112K
  class space    used 6236K, committed 6848K, reserved 1048576K
}
Event: 9.330 GC heap after
{Heap after GC invocations=193 (full 3):
 PSYoungGen      total 5632K, used 1141K [0x00000000d5580000, 0x00000000d5d00000, 0x0000000100000000)
  eden space 4096K, 0% used [0x00000000d5580000,0x00000000d5580000,0x00000000d5980000)
  from space 1536K, 74% used [0x00000000d5b80000,0x00000000d5c9d770,0x00000000d5d00000)
  to   space 1536K, 0% used [0x00000000d5a00000,0x00000000d5a00000,0x00000000d5b80000)
 ParOldGen       total 258560K, used 240660K [0x0000000080000000, 0x000000008fc80000, 0x00000000d5580000)
  object space 258560K, 93% used [0x0000000080000000,0x000000008eb050d8,0x000000008fc80000)
 Metaspace       used 59998K, committed 61376K, reserved 1114112K
  class space    used 6236K, committed 6848K, reserved 1048576K
}
Event: 9.347 GC heap before
{Heap before GC invocations=194 (full 3):
 PSYoungGen      total 5632K, used 5237K [0x00000000d5580000, 0x00000000d5d00000, 0x0000000100000000)
  eden space 4096K, 100% used [0x00000000d5580000,0x00000000d5980000,0x00000000d5980000)
  from space 1536K, 74% used [0x00000000d5b80000,0x00000000d5c9d770,0x00000000d5d00000)
  to   space 1536K, 0% used [0x00000000d5a00000,0x00000000d5a00000,0x00000000d5b80000)
 ParOldGen       total 258560K, used 240660K [0x0000000080000000, 0x000000008fc80000, 0x00000000d5580000)
  object space 258560K, 93% used [0x0000000080000000,0x000000008eb050d8,0x000000008fc80000)
 Metaspace       used 60050K, committed 61440K, reserved 1114112K
  class space    used 6245K, committed 6848K, reserved 1048576K
}
Event: 9.349 GC heap after
{Heap after GC invocations=194 (full 3):
 PSYoungGen      total 5632K, used 1137K [0x00000000d5580000, 0x00000000d5c80000, 0x0000000100000000)
  eden space 4096K, 0% used [0x00000000d5580000,0x00000000d5580000,0x00000000d5980000)
  from space 1536K, 74% used [0x00000000d5a00000,0x00000000d5b1c410,0x00000000d5b80000)
  to   space 1024K, 0% used [0x00000000d5b80000,0x00000000d5b80000,0x00000000d5c80000)
 ParOldGen       total 258560K, used 241682K [0x0000000080000000, 0x000000008fc80000, 0x00000000d5580000)
  object space 258560K, 93% used [0x0000000080000000,0x000000008ec04808,0x000000008fc80000)
 Metaspace       used 60050K, committed 61440K, reserved 1114112K
  class space    used 6245K, committed 6848K, reserved 1048576K
}
Event: 9.366 GC heap before
{Heap before GC invocations=195 (full 3):
 PSYoungGen      total 5632K, used 5233K [0x00000000d5580000, 0x00000000d5c80000, 0x0000000100000000)
  eden space 4096K, 100% used [0x00000000d5580000,0x00000000d5980000,0x00000000d5980000)
  from space 1536K, 74% used [0x00000000d5a00000,0x00000000d5b1c410,0x00000000d5b80000)
  to   space 1024K, 0% used [0x00000000d5b80000,0x00000000d5b80000,0x00000000d5c80000)
 ParOldGen       total 258560K, used 241682K [0x0000000080000000, 0x000000008fc80000, 0x00000000d5580000)
  object space 258560K, 93% used [0x0000000080000000,0x000000008ec04808,0x000000008fc80000)
 Metaspace       used 60094K, committed 61504K, reserved 1114112K
  class space    used 6254K, committed 6848K, reserved 1048576K
}
Event: 9.368 GC heap after
{Heap after GC invocations=195 (full 3):
 PSYoungGen      total 4608K, used 1022K [0x00000000d5580000, 0x00000000d5e80000, 0x0000000100000000)
  eden space 3584K, 0% used [0x00000000d5580000,0x00000000d5580000,0x00000000d5900000)
  from space 1024K, 99% used [0x00000000d5b80000,0x00000000d5c7fa30,0x00000000d5c80000)
  to   space 2560K, 0% used [0x00000000d5900000,0x00000000d5900000,0x00000000d5b80000)
 ParOldGen       total 258560K, used 242664K [0x0000000080000000, 0x000000008fc80000, 0x00000000d5580000)
  object space 258560K, 93% used [0x0000000080000000,0x000000008ecfa128,0x000000008fc80000)
 Metaspace       used 60094K, committed 61504K, reserved 1114112K
  class space    used 6254K, committed 6848K, reserved 1048576K
}
Event: 9.382 GC heap before
{Heap before GC invocations=196 (full 3):
 PSYoungGen      total 4608K, used 4606K [0x00000000d5580000, 0x00000000d5e80000, 0x0000000100000000)
  eden space 3584K, 100% used [0x00000000d5580000,0x00000000d5900000,0x00000000d5900000)
  from space 1024K, 99% used [0x00000000d5b80000,0x00000000d5c7fa30,0x00000000d5c80000)
  to   space 2560K, 0% used [0x00000000d5900000,0x00000000d5900000,0x00000000d5b80000)
 ParOldGen       total 258560K, used 242664K [0x0000000080000000, 0x000000008fc80000, 0x00000000d5580000)
  object space 258560K, 93% used [0x0000000080000000,0x000000008ecfa128,0x000000008fc80000)
 Metaspace       used 60105K, committed 61504K, reserved 1114112K
  class space    used 6255K, committed 6848K, reserved 1048576K
}
Event: 9.383 GC heap after
{Heap after GC invocations=196 (full 3):
 PSYoungGen      total 4608K, used 990K [0x00000000d5580000, 0x00000000d5c00000, 0x0000000100000000)
  eden space 3584K, 0% used [0x00000000d5580000,0x00000000d5580000,0x00000000d5900000)
  from space 1024K, 96% used [0x00000000d5900000,0x00000000d59f79c0,0x00000000d5a00000)
  to   space 1536K, 0% used [0x00000000d5a80000,0x00000000d5a80000,0x00000000d5c00000)
 ParOldGen       total 258560K, used 243576K [0x0000000080000000, 0x000000008fc80000, 0x00000000d5580000)
  object space 258560K, 94% used [0x0000000080000000,0x000000008edde178,0x000000008fc80000)
 Metaspace       used 60105K, committed 61504K, reserved 1114112K
  class space    used 6255K, committed 6848K, reserved 1048576K
}
Event: 9.405 GC heap before
{Heap before GC invocations=197 (full 3):
 PSYoungGen      total 4608K, used 4574K [0x00000000d5580000, 0x00000000d5c00000, 0x0000000100000000)
  eden space 3584K, 100% used [0x00000000d5580000,0x00000000d5900000,0x00000000d5900000)
  from space 1024K, 96% used [0x00000000d5900000,0x00000000d59f79c0,0x00000000d5a00000)
  to   space 1536K, 0% used [0x00000000d5a80000,0x00000000d5a80000,0x00000000d5c00000)
 ParOldGen       total 258560K, used 243576K [0x0000000080000000, 0x000000008fc80000, 0x00000000d5580000)
  object space 258560K, 94% used [0x0000000080000000,0x000000008edde178,0x000000008fc80000)
 Metaspace       used 60113K, committed 61504K, reserved 1114112K
  class space    used 6256K, committed 6848K, reserved 1048576K
}
Event: 9.407 GC heap after
{Heap after GC invocations=197 (full 3):
 PSYoungGen      total 5120K, used 976K [0x00000000d5580000, 0x00000000d5c00000, 0x0000000100000000)
  eden space 3584K, 0% used [0x00000000d5580000,0x00000000d5580000,0x00000000d5900000)
  from space 1536K, 63% used [0x00000000d5a80000,0x00000000d5b74210,0x00000000d5c00000)
  to   space 1536K, 0% used [0x00000000d5900000,0x00000000d5900000,0x00000000d5a80000)
 ParOldGen       total 258560K, used 244373K [0x0000000080000000, 0x000000008fc80000, 0x00000000d5580000)
  object space 258560K, 94% used [0x0000000080000000,0x000000008eea5618,0x000000008fc80000)
 Metaspace       used 60113K, committed 61504K, reserved 1114112K
  class space    used 6256K, committed 6848K, reserved 1048576K
}
Event: 9.423 GC heap before
{Heap before GC invocations=198 (full 3):
 PSYoungGen      total 5120K, used 4560K [0x00000000d5580000, 0x00000000d5c00000, 0x0000000100000000)
  eden space 3584K, 100% used [0x00000000d5580000,0x00000000d5900000,0x00000000d5900000)
  from space 1536K, 63% used [0x00000000d5a80000,0x00000000d5b74210,0x00000000d5c00000)
  to   space 1536K, 0% used [0x00000000d5900000,0x00000000d5900000,0x00000000d5a80000)
 ParOldGen       total 258560K, used 244373K [0x0000000080000000, 0x000000008fc80000, 0x00000000d5580000)
  object space 258560K, 94% used [0x0000000080000000,0x000000008eea5618,0x000000008fc80000)
 Metaspace       used 60121K, committed 61504K, reserved 1114112K
  class space    used 6256K, committed 6848K, reserved 1048576K
}
Event: 9.425 GC heap after
{Heap after GC invocations=198 (full 3):
 PSYoungGen      total 4608K, used 917K [0x00000000d5580000, 0x00000000d5b00000, 0x0000000100000000)
  eden space 3584K, 0% used [0x00000000d5580000,0x00000000d5580000,0x00000000d5900000)
  from space 1024K, 89% used [0x00000000d5900000,0x00000000d59e55e0,0x00000000d5a00000)
  to   space 1024K, 0% used [0x00000000d5a00000,0x00000000d5a00000,0x00000000d5b00000)
 ParOldGen       total 258560K, used 245203K [0x0000000080000000, 0x000000008fc80000, 0x00000000d5580000)
  object space 258560K, 94% used [0x0000000080000000,0x000000008ef74ea8,0x000000008fc80000)
 Metaspace       used 60121K, committed 61504K, reserved 1114112K
  class space    used 6256K, committed 6848K, reserved 1048576K
}
Event: 9.439 GC heap before
{Heap before GC invocations=199 (full 3):
 PSYoungGen      total 4608K, used 4501K [0x00000000d5580000, 0x00000000d5b00000, 0x0000000100000000)
  eden space 3584K, 100% used [0x00000000d5580000,0x00000000d5900000,0x00000000d5900000)
  from space 1024K, 89% used [0x00000000d5900000,0x00000000d59e55e0,0x00000000d5a00000)
  to   space 1024K, 0% used [0x00000000d5a00000,0x00000000d5a00000,0x00000000d5b00000)
 ParOldGen       total 258560K, used 245203K [0x0000000080000000, 0x000000008fc80000, 0x00000000d5580000)
  object space 258560K, 94% used [0x0000000080000000,0x000000008ef74ea8,0x000000008fc80000)
 Metaspace       used 60161K, committed 61504K, reserved 1114112K
  class space    used 6263K, committed 6848K, reserved 1048576K
}
Event: 9.441 GC heap after
{Heap after GC invocations=199 (full 3):
 PSYoungGen      total 4608K, used 972K [0x00000000d5580000, 0x00000000d5b00000, 0x0000000100000000)
  eden space 3584K, 0% used [0x00000000d5580000,0x00000000d5580000,0x00000000d5900000)
  from space 1024K, 94% used [0x00000000d5a00000,0x00000000d5af32d8,0x00000000d5b00000)
  to   space 1024K, 0% used [0x00000000d5900000,0x00000000d5900000,0x00000000d5a00000)
 ParOldGen       total 258560K, used 245960K [0x0000000080000000, 0x000000008fc80000, 0x00000000d5580000)
  object space 258560K, 95% used [0x0000000080000000,0x000000008f032120,0x000000008fc80000)
 Metaspace       used 60161K, committed 61504K, reserved 1114112K
  class space    used 6263K, committed 6848K, reserved 1048576K
}
Event: 9.460 GC heap before
{Heap before GC invocations=200 (full 3):
 PSYoungGen      total 4608K, used 4556K [0x00000000d5580000, 0x00000000d5b00000, 0x0000000100000000)
  eden space 3584K, 100% used [0x00000000d5580000,0x00000000d5900000,0x00000000d5900000)
  from space 1024K, 94% used [0x00000000d5a00000,0x00000000d5af32d8,0x00000000d5b00000)
  to   space 1024K, 0% used [0x00000000d5900000,0x00000000d5900000,0x00000000d5a00000)
 ParOldGen       total 258560K, used 245960K [0x0000000080000000, 0x000000008fc80000, 0x00000000d5580000)
  object space 258560K, 95% used [0x0000000080000000,0x000000008f032120,0x000000008fc80000)
 Metaspace       used 60215K, committed 61632K, reserved 1114112K
  class space    used 6266K, committed 6848K, reserved 1048576K
}
Event: 9.462 GC heap after
{Heap after GC invocations=200 (full 3):
 PSYoungGen      total 4608K, used 1006K [0x00000000d5580000, 0x00000000d5b00000, 0x0000000100000000)
  eden space 3584K, 0% used [0x00000000d5580000,0x00000000d5580000,0x00000000d5900000)
  from space 1024K, 98% used [0x00000000d5900000,0x00000000d59fb8f8,0x00000000d5a00000)
  to   space 1024K, 0% used [0x00000000d5a00000,0x00000000d5a00000,0x00000000d5b00000)
 ParOldGen       total 258560K, used 246729K [0x0000000080000000, 0x000000008fc80000, 0x00000000d5580000)
  object space 258560K, 95% used [0x0000000080000000,0x000000008f0f2508,0x000000008fc80000)
 Metaspace       used 60215K, committed 61632K, reserved 1114112K
  class space    used 6266K, committed 6848K, reserved 1048576K
}

