# JRE version: OpenJDK Runtime Environment Temurin-21.0.7+6 (21.0.7+6) (build 21.0.7+6-LTS)
# Java VM: OpenJDK 64-Bit Server VM Temurin-21.0.7+6 (21.0.7+6-LTS, mixed mode, sharing, tiered, compressed oops, compressed class ptrs, parallel gc, windows-amd64)
GC Precious Log:
 CardTable entry size: 512
 CPUs: 12 total, 12 available
 Memory: 15712M
 Large Page Support: Disabled
 NUMA Support: Disabled
 Compressed Oops: Enabled (32-bit)
 Alignments: Space 512K, Generation 512K, Heap 2M
 Heap Min Capacity: 100M
 Heap Initial Capacity: 100M
 Heap Max Capacity: 2G
 Pre-touch: Disabled
 Parallel Workers: 10
Heap:
 PSYoungGen      total 3584K, used 2857K [0x00000000d5580000, 0x00000000d5a00000, 0x0000000100000000)
  eden space 2560K, 87% used [0x00000000d5580000,0x00000000d57acd70,0x00000000d5800000)
  from space 1024K, 61% used [0x00000000d5800000,0x00000000d589da30,0x00000000d5900000)
  to   space 1024K, 0% used [0x00000000d5900000,0x00000000d5900000,0x00000000d5a00000)
 ParOldGen       total 224768K, used 224563K [0x0000000080000000, 0x000000008db80000, 0x00000000d5580000)
  object space 224768K, 99% used [0x0000000080000000,0x000000008db4cd10,0x000000008db80000)
 Metaspace       used 62518K, committed 63872K, reserved 1114112K
  class space    used 6504K, committed 7104K, reserved 1048576K
GC Heap History (20 events):
Event: 20.924 GC heap before
{Heap before GC invocations=234 (full 3):
 PSYoungGen      total 2560K, used 1952K [0x00000000d5580000, 0x00000000d5900000, 0x0000000100000000)
  eden space 1536K, 100% used [0x00000000d5580000,0x00000000d5700000,0x00000000d5700000)
  from space 1024K, 40% used [0x00000000d5800000,0x00000000d5868000,0x00000000d5900000)
  to   space 1024K, 0% used [0x00000000d5700000,0x00000000d5700000,0x00000000d5800000)
 ParOldGen       total 219136K, used 219051K [0x0000000080000000, 0x000000008d600000, 0x00000000d5580000)
  object space 219136K, 99% used [0x0000000080000000,0x000000008d5eaf80,0x000000008d600000)
 Metaspace       used 62383K, committed 63616K, reserved 1114112K
  class space    used 6491K, committed 7040K, reserved 1048576K
}
Event: 20.926 GC heap after
{Heap after GC invocations=234 (full 3):
 PSYoungGen      total 2560K, used 480K [0x00000000d5580000, 0x00000000d5880000, 0x0000000100000000)
  eden space 1536K, 0% used [0x00000000d5580000,0x00000000d5580000,0x00000000d5700000)
  from space 1024K, 46% used [0x00000000d5700000,0x00000000d5778000,0x00000000d5800000)
  to   space 512K, 0% used [0x00000000d5800000,0x00000000d5800000,0x00000000d5880000)
 ParOldGen       total 219648K, used 219338K [0x0000000080000000, 0x000000008d680000, 0x00000000d5580000)
  object space 219648K, 99% used [0x0000000080000000,0x000000008d6328f0,0x000000008d680000)
 Metaspace       used 62383K, committed 63616K, reserved 1114112K
  class space    used 6491K, committed 7040K, reserved 1048576K
}
Event: 20.930 GC heap before
{Heap before GC invocations=235 (full 3):
 PSYoungGen      total 2560K, used 2016K [0x00000000d5580000, 0x00000000d5880000, 0x0000000100000000)
  eden space 1536K, 100% used [0x00000000d5580000,0x00000000d5700000,0x00000000d5700000)
  from space 1024K, 46% used [0x00000000d5700000,0x00000000d5778000,0x00000000d5800000)
  to   space 512K, 0% used [0x00000000d5800000,0x00000000d5800000,0x00000000d5880000)
 ParOldGen       total 219648K, used 219338K [0x0000000080000000, 0x000000008d680000, 0x00000000d5580000)
  object space 219648K, 99% used [0x0000000080000000,0x000000008d6328f0,0x000000008d680000)
 Metaspace       used 62403K, committed 63616K, reserved 1114112K
  class space    used 6492K, committed 7040K, reserved 1048576K
}
Event: 20.932 GC heap after
{Heap after GC invocations=235 (full 3):
 PSYoungGen      total 2048K, used 489K [0x00000000d5580000, 0x00000000d5900000, 0x0000000100000000)
  eden space 1536K, 0% used [0x00000000d5580000,0x00000000d5580000,0x00000000d5700000)
  from space 512K, 95% used [0x00000000d5800000,0x00000000d587a798,0x00000000d5880000)
  to   space 1024K, 0% used [0x00000000d5700000,0x00000000d5700000,0x00000000d5800000)
 ParOldGen       total 220160K, used 219753K [0x0000000080000000, 0x000000008d700000, 0x00000000d5580000)
  object space 220160K, 99% used [0x0000000080000000,0x000000008d69a700,0x000000008d700000)
 Metaspace       used 62403K, committed 63616K, reserved 1114112K
  class space    used 6492K, committed 7040K, reserved 1048576K
}
Event: 20.935 GC heap before
{Heap before GC invocations=236 (full 3):
 PSYoungGen      total 2048K, used 2025K [0x00000000d5580000, 0x00000000d5900000, 0x0000000100000000)
  eden space 1536K, 100% used [0x00000000d5580000,0x00000000d5700000,0x00000000d5700000)
  from space 512K, 95% used [0x00000000d5800000,0x00000000d587a798,0x00000000d5880000)
  to   space 1024K, 0% used [0x00000000d5700000,0x00000000d5700000,0x00000000d5800000)
 ParOldGen       total 220160K, used 219753K [0x0000000080000000, 0x000000008d700000, 0x00000000d5580000)
  object space 220160K, 99% used [0x0000000080000000,0x000000008d69a700,0x000000008d700000)
 Metaspace       used 62413K, committed 63680K, reserved 1114112K
  class space    used 6492K, committed 7040K, reserved 1048576K
}
Event: 20.936 GC heap after
{Heap after GC invocations=236 (full 3):
 PSYoungGen      total 2560K, used 621K [0x00000000d5580000, 0x00000000d5980000, 0x0000000100000000)
  eden space 1536K, 0% used [0x00000000d5580000,0x00000000d5580000,0x00000000d5700000)
  from space 1024K, 60% used [0x00000000d5700000,0x00000000d579b668,0x00000000d5800000)
  to   space 1024K, 0% used [0x00000000d5880000,0x00000000d5880000,0x00000000d5980000)
 ParOldGen       total 220160K, used 220145K [0x0000000080000000, 0x000000008d700000, 0x00000000d5580000)
  object space 220160K, 99% used [0x0000000080000000,0x000000008d6fc6b0,0x000000008d700000)
 Metaspace       used 62413K, committed 63680K, reserved 1114112K
  class space    used 6492K, committed 7040K, reserved 1048576K
}
Event: 20.939 GC heap before
{Heap before GC invocations=237 (full 3):
 PSYoungGen      total 2560K, used 2048K [0x00000000d5580000, 0x00000000d5980000, 0x0000000100000000)
  eden space 1536K, 92% used [0x00000000d5580000,0x00000000d56e49f0,0x00000000d5700000)
  from space 1024K, 60% used [0x00000000d5700000,0x00000000d579b668,0x00000000d5800000)
  to   space 1024K, 0% used [0x00000000d5880000,0x00000000d5880000,0x00000000d5980000)
 ParOldGen       total 220160K, used 220145K [0x0000000080000000, 0x000000008d700000, 0x00000000d5580000)
  object space 220160K, 99% used [0x0000000080000000,0x000000008d6fc6b0,0x000000008d700000)
 Metaspace       used 62414K, committed 63680K, reserved 1114112K
  class space    used 6492K, committed 7040K, reserved 1048576K
}
Event: 20.941 GC heap after
{Heap after GC invocations=237 (full 3):
 PSYoungGen      total 3072K, used 495K [0x00000000d5580000, 0x00000000d5980000, 0x0000000100000000)
  eden space 2048K, 0% used [0x00000000d5580000,0x00000000d5580000,0x00000000d5780000)
  from space 1024K, 48% used [0x00000000d5880000,0x00000000d58fbfb8,0x00000000d5980000)
  to   space 1024K, 0% used [0x00000000d5780000,0x00000000d5780000,0x00000000d5880000)
 ParOldGen       total 220672K, used 220643K [0x0000000080000000, 0x000000008d780000, 0x00000000d5580000)
  object space 220672K, 99% used [0x0000000080000000,0x000000008d778f98,0x000000008d780000)
 Metaspace       used 62414K, committed 63680K, reserved 1114112K
  class space    used 6492K, committed 7040K, reserved 1048576K
}
Event: 20.943 GC heap before
{Heap before GC invocations=238 (full 3):
 PSYoungGen      total 3072K, used 2543K [0x00000000d5580000, 0x00000000d5980000, 0x0000000100000000)
  eden space 2048K, 100% used [0x00000000d5580000,0x00000000d5780000,0x00000000d5780000)
  from space 1024K, 48% used [0x00000000d5880000,0x00000000d58fbfb8,0x00000000d5980000)
  to   space 1024K, 0% used [0x00000000d5780000,0x00000000d5780000,0x00000000d5880000)
 ParOldGen       total 220672K, used 220643K [0x0000000080000000, 0x000000008d780000, 0x00000000d5580000)
  object space 220672K, 99% used [0x0000000080000000,0x000000008d778f98,0x000000008d780000)
 Metaspace       used 62415K, committed 63680K, reserved 1114112K
  class space    used 6492K, committed 7040K, reserved 1048576K
}
Event: 20.944 GC heap after
{Heap after GC invocations=238 (full 3):
 PSYoungGen      total 3072K, used 922K [0x00000000d5580000, 0x00000000d5a00000, 0x0000000100000000)
  eden space 2048K, 0% used [0x00000000d5580000,0x00000000d5580000,0x00000000d5780000)
  from space 1024K, 90% used [0x00000000d5780000,0x00000000d5866bc8,0x00000000d5880000)
  to   space 1024K, 0% used [0x00000000d5900000,0x00000000d5900000,0x00000000d5a00000)
 ParOldGen       total 221184K, used 221035K [0x0000000080000000, 0x000000008d800000, 0x00000000d5580000)
  object space 221184K, 99% used [0x0000000080000000,0x000000008d7daf50,0x000000008d800000)
 Metaspace       used 62415K, committed 63680K, reserved 1114112K
  class space    used 6492K, committed 7040K, reserved 1048576K
}
Event: 20.949 GC heap before
{Heap before GC invocations=239 (full 3):
 PSYoungGen      total 3072K, used 2970K [0x00000000d5580000, 0x00000000d5a00000, 0x0000000100000000)
  eden space 2048K, 100% used [0x00000000d5580000,0x00000000d5780000,0x00000000d5780000)
  from space 1024K, 90% used [0x00000000d5780000,0x00000000d5866bc8,0x00000000d5880000)
  to   space 1024K, 0% used [0x00000000d5900000,0x00000000d5900000,0x00000000d5a00000)
 ParOldGen       total 221184K, used 221035K [0x0000000080000000, 0x000000008d800000, 0x00000000d5580000)
  object space 221184K, 99% used [0x0000000080000000,0x000000008d7daf50,0x000000008d800000)
 Metaspace       used 62417K, committed 63680K, reserved 1114112K
  class space    used 6492K, committed 7040K, reserved 1048576K
}
Event: 20.951 GC heap after
{Heap after GC invocations=239 (full 3):
 PSYoungGen      total 3584K, used 669K [0x00000000d5580000, 0x00000000d5a00000, 0x0000000100000000)
  eden space 2560K, 0% used [0x00000000d5580000,0x00000000d5580000,0x00000000d5800000)
  from space 1024K, 65% used [0x00000000d5900000,0x00000000d59a7498,0x00000000d5a00000)
  to   space 1024K, 0% used [0x00000000d5800000,0x00000000d5800000,0x00000000d5900000)
 ParOldGen       total 222208K, used 221835K [0x0000000080000000, 0x000000008d900000, 0x00000000d5580000)
  object space 222208K, 99% used [0x0000000080000000,0x000000008d8a2cb8,0x000000008d900000)
 Metaspace       used 62417K, committed 63680K, reserved 1114112K
  class space    used 6492K, committed 7040K, reserved 1048576K
}
Event: 20.960 GC heap before
{Heap before GC invocations=240 (full 3):
 PSYoungGen      total 3584K, used 3229K [0x00000000d5580000, 0x00000000d5a00000, 0x0000000100000000)
  eden space 2560K, 100% used [0x00000000d5580000,0x00000000d5800000,0x00000000d5800000)
  from space 1024K, 65% used [0x00000000d5900000,0x00000000d59a7498,0x00000000d5a00000)
  to   space 1024K, 0% used [0x00000000d5800000,0x00000000d5800000,0x00000000d5900000)
 ParOldGen       total 222208K, used 221835K [0x0000000080000000, 0x000000008d900000, 0x00000000d5580000)
  object space 222208K, 99% used [0x0000000080000000,0x000000008d8a2cb8,0x000000008d900000)
 Metaspace       used 62419K, committed 63680K, reserved 1114112K
  class space    used 6492K, committed 7040K, reserved 1048576K
}
Event: 20.961 GC heap after
{Heap after GC invocations=240 (full 3):
 PSYoungGen      total 3584K, used 691K [0x00000000d5580000, 0x00000000d5a00000, 0x0000000100000000)
  eden space 2560K, 0% used [0x00000000d5580000,0x00000000d5580000,0x00000000d5800000)
  from space 1024K, 67% used [0x00000000d5800000,0x00000000d58acd38,0x00000000d5900000)
  to   space 1024K, 0% used [0x00000000d5900000,0x00000000d5900000,0x00000000d5a00000)
 ParOldGen       total 222720K, used 222299K [0x0000000080000000, 0x000000008d980000, 0x00000000d5580000)
  object space 222720K, 99% used [0x0000000080000000,0x000000008d916e98,0x000000008d980000)
 Metaspace       used 62419K, committed 63680K, reserved 1114112K
  class space    used 6492K, committed 7040K, reserved 1048576K
}
Event: 20.967 GC heap before
{Heap before GC invocations=241 (full 3):
 PSYoungGen      total 3584K, used 3183K [0x00000000d5580000, 0x00000000d5a00000, 0x0000000100000000)
  eden space 2560K, 97% used [0x00000000d5580000,0x00000000d57eef38,0x00000000d5800000)
  from space 1024K, 67% used [0x00000000d5800000,0x00000000d58acd38,0x00000000d5900000)
  to   space 1024K, 0% used [0x00000000d5900000,0x00000000d5900000,0x00000000d5a00000)
 ParOldGen       total 222720K, used 222299K [0x0000000080000000, 0x000000008d980000, 0x00000000d5580000)
  object space 222720K, 99% used [0x0000000080000000,0x000000008d916e98,0x000000008d980000)
 Metaspace       used 62423K, committed 63680K, reserved 1114112K
  class space    used 6492K, committed 7040K, reserved 1048576K
}
Event: 20.968 GC heap after
{Heap after GC invocations=241 (full 3):
 PSYoungGen      total 3584K, used 622K [0x00000000d5580000, 0x00000000d5a00000, 0x0000000100000000)
  eden space 2560K, 0% used [0x00000000d5580000,0x00000000d5580000,0x00000000d5800000)
  from space 1024K, 60% used [0x00000000d5900000,0x00000000d599bac8,0x00000000d5a00000)
  to   space 1024K, 0% used [0x00000000d5800000,0x00000000d5800000,0x00000000d5900000)
 ParOldGen       total 223232K, used 222850K [0x0000000080000000, 0x000000008da00000, 0x00000000d5580000)
  object space 223232K, 99% used [0x0000000080000000,0x000000008d9a08a8,0x000000008da00000)
 Metaspace       used 62423K, committed 63680K, reserved 1114112K
  class space    used 6492K, committed 7040K, reserved 1048576K
}
Event: 20.975 GC heap before
{Heap before GC invocations=242 (full 3):
 PSYoungGen      total 3584K, used 3175K [0x00000000d5580000, 0x00000000d5a00000, 0x0000000100000000)
  eden space 2560K, 99% used [0x00000000d5580000,0x00000000d57fe488,0x00000000d5800000)
  from space 1024K, 60% used [0x00000000d5900000,0x00000000d599bac8,0x00000000d5a00000)
  to   space 1024K, 0% used [0x00000000d5800000,0x00000000d5800000,0x00000000d5900000)
 ParOldGen       total 223232K, used 222850K [0x0000000080000000, 0x000000008da00000, 0x00000000d5580000)
  object space 223232K, 99% used [0x0000000080000000,0x000000008d9a08a8,0x000000008da00000)
 Metaspace       used 62423K, committed 63680K, reserved 1114112K
  class space    used 6492K, committed 7040K, reserved 1048576K
}
Event: 20.977 GC heap after
{Heap after GC invocations=242 (full 3):
 PSYoungGen      total 3584K, used 778K [0x00000000d5580000, 0x00000000d5a00000, 0x0000000100000000)
  eden space 2560K, 0% used [0x00000000d5580000,0x00000000d5580000,0x00000000d5800000)
  from space 1024K, 76% used [0x00000000d5800000,0x00000000d58c2a28,0x00000000d5900000)
  to   space 1024K, 0% used [0x00000000d5900000,0x00000000d5900000,0x00000000d5a00000)
 ParOldGen       total 223744K, used 223362K [0x0000000080000000, 0x000000008da80000, 0x00000000d5580000)
  object space 223744K, 99% used [0x0000000080000000,0x000000008da209e0,0x000000008da80000)
 Metaspace       used 62423K, committed 63680K, reserved 1114112K
  class space    used 6492K, committed 7040K, reserved 1048576K
}
Event: 20.983 GC heap before
{Heap before GC invocations=243 (full 3):
 PSYoungGen      total 3584K, used 3338K [0x00000000d5580000, 0x00000000d5a00000, 0x0000000100000000)
  eden space 2560K, 100% used [0x00000000d5580000,0x00000000d5800000,0x00000000d5800000)
  from space 1024K, 76% used [0x00000000d5800000,0x00000000d58c2a28,0x00000000d5900000)
  to   space 1024K, 0% used [0x00000000d5900000,0x00000000d5900000,0x00000000d5a00000)
 ParOldGen       total 223744K, used 223362K [0x0000000080000000, 0x000000008da80000, 0x00000000d5580000)
  object space 223744K, 99% used [0x0000000080000000,0x000000008da209e0,0x000000008da80000)
 Metaspace       used 62448K, committed 63680K, reserved 1114112K
  class space    used 6492K, committed 7040K, reserved 1048576K
}
Event: 20.984 GC heap after
{Heap after GC invocations=243 (full 3):
 PSYoungGen      total 3584K, used 728K [0x00000000d5580000, 0x00000000d5a00000, 0x0000000100000000)
  eden space 2560K, 0% used [0x00000000d5580000,0x00000000d5580000,0x00000000d5800000)
  from space 1024K, 71% used [0x00000000d5900000,0x00000000d59b62a8,0x00000000d5a00000)
  to   space 1024K, 0% used [0x00000000d5800000,0x00000000d5800000,0x00000000d5900000)
 ParOldGen       total 224256K, used 223969K [0x0000000080000000, 0x000000008db00000, 0x00000000d5580000)
  object space 224256K, 99% used [0x0000000080000000,0x000000008dab86d0,0x000000008db00000)
 Metaspace       used 62448K, committed 63680K, reserved 1114112K
  class space    used 6492K, committed 7040K, reserved 1048576K
}

