# JRE version: OpenJDK Runtime Environment Temurin-21.0.7+6 (21.0.7+6) (build 21.0.7+6-LTS)
# Java VM: OpenJDK 64-Bit Server VM Temurin-21.0.7+6 (21.0.7+6-LTS, mixed mode, sharing, tiered, compressed oops, compressed class ptrs, parallel gc, windows-amd64)
GC Precious Log:
 CardTable entry size: 512
 CPUs: 12 total, 12 available
 Memory: 15712M
 Large Page Support: Disabled
 NUMA Support: Disabled
 Compressed Oops: Enabled (32-bit)
 Alignments: Space 512K, Generation 512K, Heap 2M
 Heap Min Capacity: 100M
 Heap Initial Capacity: 100M
 Heap Max Capacity: 2G
 Pre-touch: Disabled
 Parallel Workers: 10
Heap:
 PSYoungGen      total 3072K, used 2560K [0x00000000d5580000, 0x00000000d5980000, 0x0000000100000000)
  eden space 2048K, 100% used [0x00000000d5580000,0x00000000d5780000,0x00000000d5780000)
  from space 1024K, 50% used [0x00000000d5780000,0x00000000d5800000,0x00000000d5880000)
  to   space 1024K, 59% used [0x00000000d5880000,0x00000000d5918000,0x00000000d5980000)
 ParOldGen       total 229888K, used 229719K [0x0000000080000000, 0x000000008e080000, 0x00000000d5580000)
  object space 229888K, 99% used [0x0000000080000000,0x000000008e055f60,0x000000008e080000)
 Metaspace       used 61652K, committed 62912K, reserved 1114112K
  class space    used 6345K, committed 6912K, reserved 1048576K
GC Heap History (20 events):
Event: 21.491 GC heap after
{Heap after GC invocations=196 (full 3):
 PSYoungGen      total 3072K, used 643K [0x00000000d5580000, 0x00000000d5980000, 0x0000000100000000)
  eden space 2048K, 0% used [0x00000000d5580000,0x00000000d5580000,0x00000000d5780000)
  from space 1024K, 62% used [0x00000000d5780000,0x00000000d5820ce8,0x00000000d5880000)
  to   space 1024K, 0% used [0x00000000d5880000,0x00000000d5880000,0x00000000d5980000)
 ParOldGen       total 224256K, used 224157K [0x0000000080000000, 0x000000008db00000, 0x00000000d5580000)
  object space 224256K, 99% used [0x0000000080000000,0x000000008dae7520,0x000000008db00000)
 Metaspace       used 61652K, committed 62912K, reserved 1114112K
  class space    used 6345K, committed 6912K, reserved 1048576K
}
Event: 21.496 GC heap before
{Heap before GC invocations=197 (full 3):
 PSYoungGen      total 3072K, used 2691K [0x00000000d5580000, 0x00000000d5980000, 0x0000000100000000)
  eden space 2048K, 100% used [0x00000000d5580000,0x00000000d5780000,0x00000000d5780000)
  from space 1024K, 62% used [0x00000000d5780000,0x00000000d5820ce8,0x00000000d5880000)
  to   space 1024K, 0% used [0x00000000d5880000,0x00000000d5880000,0x00000000d5980000)
 ParOldGen       total 224256K, used 224157K [0x0000000080000000, 0x000000008db00000, 0x00000000d5580000)
  object space 224256K, 99% used [0x0000000080000000,0x000000008dae7520,0x000000008db00000)
 Metaspace       used 61652K, committed 62912K, reserved 1114112K
  class space    used 6345K, committed 6912K, reserved 1048576K
}
Event: 21.498 GC heap after
{Heap after GC invocations=197 (full 3):
 PSYoungGen      total 3072K, used 687K [0x00000000d5580000, 0x00000000d5980000, 0x0000000100000000)
  eden space 2048K, 0% used [0x00000000d5580000,0x00000000d5580000,0x00000000d5780000)
  from space 1024K, 67% used [0x00000000d5880000,0x00000000d592be90,0x00000000d5980000)
  to   space 1024K, 0% used [0x00000000d5780000,0x00000000d5780000,0x00000000d5880000)
 ParOldGen       total 224768K, used 224617K [0x0000000080000000, 0x000000008db80000, 0x00000000d5580000)
  object space 224768K, 99% used [0x0000000080000000,0x000000008db5a7e8,0x000000008db80000)
 Metaspace       used 61652K, committed 62912K, reserved 1114112K
  class space    used 6345K, committed 6912K, reserved 1048576K
}
Event: 21.505 GC heap before
{Heap before GC invocations=198 (full 3):
 PSYoungGen      total 3072K, used 2735K [0x00000000d5580000, 0x00000000d5980000, 0x0000000100000000)
  eden space 2048K, 99% used [0x00000000d5580000,0x00000000d577ffd0,0x00000000d5780000)
  from space 1024K, 67% used [0x00000000d5880000,0x00000000d592be90,0x00000000d5980000)
  to   space 1024K, 0% used [0x00000000d5780000,0x00000000d5780000,0x00000000d5880000)
 ParOldGen       total 224768K, used 224617K [0x0000000080000000, 0x000000008db80000, 0x00000000d5580000)
  object space 224768K, 99% used [0x0000000080000000,0x000000008db5a7e8,0x000000008db80000)
 Metaspace       used 61652K, committed 62912K, reserved 1114112K
  class space    used 6345K, committed 6912K, reserved 1048576K
}
Event: 21.506 GC heap after
{Heap after GC invocations=198 (full 3):
 PSYoungGen      total 3072K, used 664K [0x00000000d5580000, 0x00000000d5980000, 0x0000000100000000)
  eden space 2048K, 0% used [0x00000000d5580000,0x00000000d5580000,0x00000000d5780000)
  from space 1024K, 64% used [0x00000000d5780000,0x00000000d5826148,0x00000000d5880000)
  to   space 1024K, 0% used [0x00000000d5880000,0x00000000d5880000,0x00000000d5980000)
 ParOldGen       total 225280K, used 225143K [0x0000000080000000, 0x000000008dc00000, 0x00000000d5580000)
  object space 225280K, 99% used [0x0000000080000000,0x000000008dbdde08,0x000000008dc00000)
 Metaspace       used 61652K, committed 62912K, reserved 1114112K
  class space    used 6345K, committed 6912K, reserved 1048576K
}
Event: 21.512 GC heap before
{Heap before GC invocations=199 (full 3):
 PSYoungGen      total 3072K, used 2712K [0x00000000d5580000, 0x00000000d5980000, 0x0000000100000000)
  eden space 2048K, 100% used [0x00000000d5580000,0x00000000d5780000,0x00000000d5780000)
  from space 1024K, 64% used [0x00000000d5780000,0x00000000d5826148,0x00000000d5880000)
  to   space 1024K, 0% used [0x00000000d5880000,0x00000000d5880000,0x00000000d5980000)
 ParOldGen       total 225280K, used 225143K [0x0000000080000000, 0x000000008dc00000, 0x00000000d5580000)
  object space 225280K, 99% used [0x0000000080000000,0x000000008dbdde08,0x000000008dc00000)
 Metaspace       used 61652K, committed 62912K, reserved 1114112K
  class space    used 6345K, committed 6912K, reserved 1048576K
}
Event: 21.513 GC heap after
{Heap after GC invocations=199 (full 3):
 PSYoungGen      total 3072K, used 672K [0x00000000d5580000, 0x00000000d5980000, 0x0000000100000000)
  eden space 2048K, 0% used [0x00000000d5580000,0x00000000d5580000,0x00000000d5780000)
  from space 1024K, 65% used [0x00000000d5880000,0x00000000d5928000,0x00000000d5980000)
  to   space 1024K, 0% used [0x00000000d5780000,0x00000000d5780000,0x00000000d5880000)
 ParOldGen       total 225792K, used 225644K [0x0000000080000000, 0x000000008dc80000, 0x00000000d5580000)
  object space 225792K, 99% used [0x0000000080000000,0x000000008dc5b060,0x000000008dc80000)
 Metaspace       used 61652K, committed 62912K, reserved 1114112K
  class space    used 6345K, committed 6912K, reserved 1048576K
}
Event: 21.518 GC heap before
{Heap before GC invocations=200 (full 3):
 PSYoungGen      total 3072K, used 2720K [0x00000000d5580000, 0x00000000d5980000, 0x0000000100000000)
  eden space 2048K, 100% used [0x00000000d5580000,0x00000000d5780000,0x00000000d5780000)
  from space 1024K, 65% used [0x00000000d5880000,0x00000000d5928000,0x00000000d5980000)
  to   space 1024K, 0% used [0x00000000d5780000,0x00000000d5780000,0x00000000d5880000)
 ParOldGen       total 225792K, used 225644K [0x0000000080000000, 0x000000008dc80000, 0x00000000d5580000)
  object space 225792K, 99% used [0x0000000080000000,0x000000008dc5b060,0x000000008dc80000)
 Metaspace       used 61652K, committed 62912K, reserved 1114112K
  class space    used 6345K, committed 6912K, reserved 1048576K
}
Event: 21.519 GC heap after
{Heap after GC invocations=200 (full 3):
 PSYoungGen      total 3072K, used 645K [0x00000000d5580000, 0x00000000d5980000, 0x0000000100000000)
  eden space 2048K, 0% used [0x00000000d5580000,0x00000000d5580000,0x00000000d5780000)
  from space 1024K, 63% used [0x00000000d5780000,0x00000000d58216e0,0x00000000d5880000)
  to   space 1024K, 0% used [0x00000000d5880000,0x00000000d5880000,0x00000000d5980000)
 ParOldGen       total 226304K, used 226137K [0x0000000080000000, 0x000000008dd00000, 0x00000000d5580000)
  object space 226304K, 99% used [0x0000000080000000,0x000000008dcd6670,0x000000008dd00000)
 Metaspace       used 61652K, committed 62912K, reserved 1114112K
  class space    used 6345K, committed 6912K, reserved 1048576K
}
Event: 21.524 GC heap before
{Heap before GC invocations=201 (full 3):
 PSYoungGen      total 3072K, used 2693K [0x00000000d5580000, 0x00000000d5980000, 0x0000000100000000)
  eden space 2048K, 100% used [0x00000000d5580000,0x00000000d5780000,0x00000000d5780000)
  from space 1024K, 63% used [0x00000000d5780000,0x00000000d58216e0,0x00000000d5880000)
  to   space 1024K, 0% used [0x00000000d5880000,0x00000000d5880000,0x00000000d5980000)
 ParOldGen       total 226304K, used 226137K [0x0000000080000000, 0x000000008dd00000, 0x00000000d5580000)
  object space 226304K, 99% used [0x0000000080000000,0x000000008dcd6670,0x000000008dd00000)
 Metaspace       used 61652K, committed 62912K, reserved 1114112K
  class space    used 6345K, committed 6912K, reserved 1048576K
}
Event: 21.525 GC heap after
{Heap after GC invocations=201 (full 3):
 PSYoungGen      total 3072K, used 672K [0x00000000d5580000, 0x00000000d5980000, 0x0000000100000000)
  eden space 2048K, 0% used [0x00000000d5580000,0x00000000d5580000,0x00000000d5780000)
  from space 1024K, 65% used [0x00000000d5880000,0x00000000d5928000,0x00000000d5980000)
  to   space 1024K, 0% used [0x00000000d5780000,0x00000000d5780000,0x00000000d5880000)
 ParOldGen       total 226816K, used 226627K [0x0000000080000000, 0x000000008dd80000, 0x00000000d5580000)
  object space 226816K, 99% used [0x0000000080000000,0x000000008dd50da8,0x000000008dd80000)
 Metaspace       used 61652K, committed 62912K, reserved 1114112K
  class space    used 6345K, committed 6912K, reserved 1048576K
}
Event: 21.530 GC heap before
{Heap before GC invocations=202 (full 3):
 PSYoungGen      total 3072K, used 2720K [0x00000000d5580000, 0x00000000d5980000, 0x0000000100000000)
  eden space 2048K, 100% used [0x00000000d5580000,0x00000000d5780000,0x00000000d5780000)
  from space 1024K, 65% used [0x00000000d5880000,0x00000000d5928000,0x00000000d5980000)
  to   space 1024K, 0% used [0x00000000d5780000,0x00000000d5780000,0x00000000d5880000)
 ParOldGen       total 226816K, used 226627K [0x0000000080000000, 0x000000008dd80000, 0x00000000d5580000)
  object space 226816K, 99% used [0x0000000080000000,0x000000008dd50da8,0x000000008dd80000)
 Metaspace       used 61652K, committed 62912K, reserved 1114112K
  class space    used 6345K, committed 6912K, reserved 1048576K
}
Event: 21.531 GC heap after
{Heap after GC invocations=202 (full 3):
 PSYoungGen      total 3072K, used 708K [0x00000000d5580000, 0x00000000d5980000, 0x0000000100000000)
  eden space 2048K, 0% used [0x00000000d5580000,0x00000000d5580000,0x00000000d5780000)
  from space 1024K, 69% used [0x00000000d5780000,0x00000000d5831038,0x00000000d5880000)
  to   space 1024K, 0% used [0x00000000d5880000,0x00000000d5880000,0x00000000d5980000)
 ParOldGen       total 227328K, used 227171K [0x0000000080000000, 0x000000008de00000, 0x00000000d5580000)
  object space 227328K, 99% used [0x0000000080000000,0x000000008ddd8e28,0x000000008de00000)
 Metaspace       used 61652K, committed 62912K, reserved 1114112K
  class space    used 6345K, committed 6912K, reserved 1048576K
}
Event: 21.536 GC heap before
{Heap before GC invocations=203 (full 3):
 PSYoungGen      total 3072K, used 2751K [0x00000000d5580000, 0x00000000d5980000, 0x0000000100000000)
  eden space 2048K, 99% used [0x00000000d5580000,0x00000000d577edf8,0x00000000d5780000)
  from space 1024K, 69% used [0x00000000d5780000,0x00000000d5831038,0x00000000d5880000)
  to   space 1024K, 0% used [0x00000000d5880000,0x00000000d5880000,0x00000000d5980000)
 ParOldGen       total 227328K, used 227171K [0x0000000080000000, 0x000000008de00000, 0x00000000d5580000)
  object space 227328K, 99% used [0x0000000080000000,0x000000008ddd8e28,0x000000008de00000)
 Metaspace       used 61652K, committed 62912K, reserved 1114112K
  class space    used 6345K, committed 6912K, reserved 1048576K
}
Event: 21.537 GC heap after
{Heap after GC invocations=203 (full 3):
 PSYoungGen      total 3072K, used 684K [0x00000000d5580000, 0x00000000d5980000, 0x0000000100000000)
  eden space 2048K, 0% used [0x00000000d5580000,0x00000000d5580000,0x00000000d5780000)
  from space 1024K, 66% used [0x00000000d5880000,0x00000000d592b1b0,0x00000000d5980000)
  to   space 1024K, 0% used [0x00000000d5780000,0x00000000d5780000,0x00000000d5880000)
 ParOldGen       total 227840K, used 227749K [0x0000000080000000, 0x000000008de80000, 0x00000000d5580000)
  object space 227840K, 99% used [0x0000000080000000,0x000000008de694f0,0x000000008de80000)
 Metaspace       used 61652K, committed 62912K, reserved 1114112K
  class space    used 6345K, committed 6912K, reserved 1048576K
}
Event: 21.542 GC heap before
{Heap before GC invocations=204 (full 3):
 PSYoungGen      total 3072K, used 2732K [0x00000000d5580000, 0x00000000d5980000, 0x0000000100000000)
  eden space 2048K, 100% used [0x00000000d5580000,0x00000000d5780000,0x00000000d5780000)
  from space 1024K, 66% used [0x00000000d5880000,0x00000000d592b1b0,0x00000000d5980000)
  to   space 1024K, 0% used [0x00000000d5780000,0x00000000d5780000,0x00000000d5880000)
 ParOldGen       total 227840K, used 227749K [0x0000000080000000, 0x000000008de80000, 0x00000000d5580000)
  object space 227840K, 99% used [0x0000000080000000,0x000000008de694f0,0x000000008de80000)
 Metaspace       used 61652K, committed 62912K, reserved 1114112K
  class space    used 6345K, committed 6912K, reserved 1048576K
}
Event: 21.543 GC heap after
{Heap after GC invocations=204 (full 3):
 PSYoungGen      total 3072K, used 643K [0x00000000d5580000, 0x00000000d5980000, 0x0000000100000000)
  eden space 2048K, 0% used [0x00000000d5580000,0x00000000d5580000,0x00000000d5780000)
  from space 1024K, 62% used [0x00000000d5780000,0x00000000d5820cd8,0x00000000d5880000)
  to   space 1024K, 0% used [0x00000000d5880000,0x00000000d5880000,0x00000000d5980000)
 ParOldGen       total 228352K, used 228269K [0x0000000080000000, 0x000000008df00000, 0x00000000d5580000)
  object space 228352K, 99% used [0x0000000080000000,0x000000008deeb630,0x000000008df00000)
 Metaspace       used 61652K, committed 62912K, reserved 1114112K
  class space    used 6345K, committed 6912K, reserved 1048576K
}
Event: 21.547 GC heap before
{Heap before GC invocations=205 (full 3):
 PSYoungGen      total 3072K, used 2691K [0x00000000d5580000, 0x00000000d5980000, 0x0000000100000000)
  eden space 2048K, 100% used [0x00000000d5580000,0x00000000d5780000,0x00000000d5780000)
  from space 1024K, 62% used [0x00000000d5780000,0x00000000d5820cd8,0x00000000d5880000)
  to   space 1024K, 0% used [0x00000000d5880000,0x00000000d5880000,0x00000000d5980000)
 ParOldGen       total 228352K, used 228269K [0x0000000080000000, 0x000000008df00000, 0x00000000d5580000)
  object space 228352K, 99% used [0x0000000080000000,0x000000008deeb630,0x000000008df00000)
 Metaspace       used 61652K, committed 62912K, reserved 1114112K
  class space    used 6345K, committed 6912K, reserved 1048576K
}
Event: 21.548 GC heap after
{Heap after GC invocations=205 (full 3):
 PSYoungGen      total 3072K, used 576K [0x00000000d5580000, 0x00000000d5980000, 0x0000000100000000)
  eden space 2048K, 0% used [0x00000000d5580000,0x00000000d5580000,0x00000000d5780000)
  from space 1024K, 56% used [0x00000000d5880000,0x00000000d5910000,0x00000000d5980000)
  to   space 1024K, 0% used [0x00000000d5780000,0x00000000d5780000,0x00000000d5880000)
 ParOldGen       total 228864K, used 228853K [0x0000000080000000, 0x000000008df80000, 0x00000000d5580000)
  object space 228864K, 99% used [0x0000000080000000,0x000000008df7d720,0x000000008df80000)
 Metaspace       used 61652K, committed 62912K, reserved 1114112K
  class space    used 6345K, committed 6912K, reserved 1048576K
}
Event: 21.552 GC heap before
{Heap before GC invocations=206 (full 3):
 PSYoungGen      total 3072K, used 2624K [0x00000000d5580000, 0x00000000d5980000, 0x0000000100000000)
  eden space 2048K, 100% used [0x00000000d5580000,0x00000000d5780000,0x00000000d5780000)
  from space 1024K, 56% used [0x00000000d5880000,0x00000000d5910000,0x00000000d5980000)
  to   space 1024K, 0% used [0x00000000d5780000,0x00000000d5780000,0x00000000d5880000)
 ParOldGen       total 228864K, used 228853K [0x0000000080000000, 0x000000008df80000, 0x00000000d5580000)
  object space 228864K, 99% used [0x0000000080000000,0x000000008df7d720,0x000000008df80000)
 Metaspace       used 61652K, committed 62912K, reserved 1114112K
  class space    used 6345K, committed 6912K, reserved 1048576K
}

