# JRE version: OpenJDK Runtime Environment Temurin-21.0.7+6 (21.0.7+6) (build 21.0.7+6-LTS)
# Java VM: OpenJDK 64-Bit Server VM Temurin-21.0.7+6 (21.0.7+6-LTS, mixed mode, sharing, tiered, compressed oops, compressed class ptrs, parallel gc, windows-amd64)
GC Precious Log:
 CardTable entry size: 512
 CPUs: 12 total, 12 available
 Memory: 15712M
 Large Page Support: Disabled
 NUMA Support: Disabled
 Compressed Oops: Enabled (32-bit)
 Alignments: Space 512K, Generation 512K, Heap 2M
 Heap Min Capacity: 100M
 Heap Initial Capacity: 100M
 Heap Max Capacity: 2G
 Pre-touch: Disabled
 Parallel Workers: 10
Heap:
 PSYoungGen      total 3584K, used 3359K [0x00000000d5580000, 0x00000000d5a00000, 0x0000000100000000)
  eden space 2560K, 99% used [0x00000000d5580000,0x00000000d57ffff8,0x00000000d5800000)
  from space 1024K, 78% used [0x00000000d5900000,0x00000000d59c8000,0x00000000d5a00000)
  to   space 1024K, 62% used [0x00000000d5800000,0x00000000d58a0000,0x00000000d5900000)
 ParOldGen       total 267776K, used 267629K [0x0000000080000000, 0x0000000090580000, 0x00000000d5580000)
  object space 267776K, 99% used [0x0000000080000000,0x000000009055b4b0,0x0000000090580000)
 Metaspace       used 57606K, committed 58944K, reserved 1114112K
  class space    used 5933K, committed 6528K, reserved 1048576K
GC Heap History (20 events):
Event: 6.976 GC heap before
{Heap before GC invocations=281 (full 2):
 PSYoungGen      total 3584K, used 3450K [0x00000000d5580000, 0x00000000d5a00000, 0x0000000100000000)
  eden space 2560K, 100% used [0x00000000d5580000,0x00000000d5800000,0x00000000d5800000)
  from space 1024K, 87% used [0x00000000d5900000,0x00000000d59debb8,0x00000000d5a00000)
  to   space 1024K, 0% used [0x00000000d5800000,0x00000000d5800000,0x00000000d5900000)
 ParOldGen       total 261632K, used 261133K [0x0000000080000000, 0x000000008ff80000, 0x00000000d5580000)
  object space 261632K, 99% used [0x0000000080000000,0x000000008ff03710,0x000000008ff80000)
 Metaspace       used 57399K, committed 58752K, reserved 1114112K
  class space    used 5910K, committed 6528K, reserved 1048576K
}
Event: 6.977 GC heap after
{Heap after GC invocations=281 (full 2):
 PSYoungGen      total 3584K, used 844K [0x00000000d5580000, 0x00000000d5a00000, 0x0000000100000000)
  eden space 2560K, 0% used [0x00000000d5580000,0x00000000d5580000,0x00000000d5800000)
  from space 1024K, 82% used [0x00000000d5800000,0x00000000d58d3278,0x00000000d5900000)
  to   space 1024K, 0% used [0x00000000d5900000,0x00000000d5900000,0x00000000d5a00000)
 ParOldGen       total 262144K, used 261793K [0x0000000080000000, 0x0000000090000000, 0x00000000d5580000)
  object space 262144K, 99% used [0x0000000080000000,0x000000008ffa8518,0x0000000090000000)
 Metaspace       used 57399K, committed 58752K, reserved 1114112K
  class space    used 5910K, committed 6528K, reserved 1048576K
}
Event: 6.983 GC heap before
{Heap before GC invocations=282 (full 2):
 PSYoungGen      total 3584K, used 3404K [0x00000000d5580000, 0x00000000d5a00000, 0x0000000100000000)
  eden space 2560K, 100% used [0x00000000d5580000,0x00000000d5800000,0x00000000d5800000)
  from space 1024K, 82% used [0x00000000d5800000,0x00000000d58d3278,0x00000000d5900000)
  to   space 1024K, 0% used [0x00000000d5900000,0x00000000d5900000,0x00000000d5a00000)
 ParOldGen       total 262144K, used 261793K [0x0000000080000000, 0x0000000090000000, 0x00000000d5580000)
  object space 262144K, 99% used [0x0000000080000000,0x000000008ffa8518,0x0000000090000000)
 Metaspace       used 57443K, committed 58816K, reserved 1114112K
  class space    used 5918K, committed 6528K, reserved 1048576K
}
Event: 6.984 GC heap after
{Heap after GC invocations=282 (full 2):
 PSYoungGen      total 3584K, used 743K [0x00000000d5580000, 0x00000000d5a00000, 0x0000000100000000)
  eden space 2560K, 0% used [0x00000000d5580000,0x00000000d5580000,0x00000000d5800000)
  from space 1024K, 72% used [0x00000000d5900000,0x00000000d59b9ee8,0x00000000d5a00000)
  to   space 1024K, 0% used [0x00000000d5800000,0x00000000d5800000,0x00000000d5900000)
 ParOldGen       total 262656K, used 262426K [0x0000000080000000, 0x0000000090080000, 0x00000000d5580000)
  object space 262656K, 99% used [0x0000000080000000,0x0000000090046978,0x0000000090080000)
 Metaspace       used 57443K, committed 58816K, reserved 1114112K
  class space    used 5918K, committed 6528K, reserved 1048576K
}
Event: 6.990 GC heap before
{Heap before GC invocations=283 (full 2):
 PSYoungGen      total 3584K, used 3303K [0x00000000d5580000, 0x00000000d5a00000, 0x0000000100000000)
  eden space 2560K, 100% used [0x00000000d5580000,0x00000000d5800000,0x00000000d5800000)
  from space 1024K, 72% used [0x00000000d5900000,0x00000000d59b9ee8,0x00000000d5a00000)
  to   space 1024K, 0% used [0x00000000d5800000,0x00000000d5800000,0x00000000d5900000)
 ParOldGen       total 262656K, used 262426K [0x0000000080000000, 0x0000000090080000, 0x00000000d5580000)
  object space 262656K, 99% used [0x0000000080000000,0x0000000090046978,0x0000000090080000)
 Metaspace       used 57464K, committed 58816K, reserved 1114112K
  class space    used 5920K, committed 6528K, reserved 1048576K
}
Event: 6.991 GC heap after
{Heap after GC invocations=283 (full 2):
 PSYoungGen      total 3584K, used 701K [0x00000000d5580000, 0x00000000d5a00000, 0x0000000100000000)
  eden space 2560K, 0% used [0x00000000d5580000,0x00000000d5580000,0x00000000d5800000)
  from space 1024K, 68% used [0x00000000d5800000,0x00000000d58af5d0,0x00000000d5900000)
  to   space 1024K, 0% used [0x00000000d5900000,0x00000000d5900000,0x00000000d5a00000)
 ParOldGen       total 263168K, used 263047K [0x0000000080000000, 0x0000000090100000, 0x00000000d5580000)
  object space 263168K, 99% used [0x0000000080000000,0x00000000900e1c38,0x0000000090100000)
 Metaspace       used 57464K, committed 58816K, reserved 1114112K
  class space    used 5920K, committed 6528K, reserved 1048576K
}
Event: 6.996 GC heap before
{Heap before GC invocations=284 (full 2):
 PSYoungGen      total 3584K, used 3261K [0x00000000d5580000, 0x00000000d5a00000, 0x0000000100000000)
  eden space 2560K, 100% used [0x00000000d5580000,0x00000000d5800000,0x00000000d5800000)
  from space 1024K, 68% used [0x00000000d5800000,0x00000000d58af5d0,0x00000000d5900000)
  to   space 1024K, 0% used [0x00000000d5900000,0x00000000d5900000,0x00000000d5a00000)
 ParOldGen       total 263168K, used 263047K [0x0000000080000000, 0x0000000090100000, 0x00000000d5580000)
  object space 263168K, 99% used [0x0000000080000000,0x00000000900e1c38,0x0000000090100000)
 Metaspace       used 57482K, committed 58816K, reserved 1114112K
  class space    used 5921K, committed 6528K, reserved 1048576K
}
Event: 6.997 GC heap after
{Heap after GC invocations=284 (full 2):
 PSYoungGen      total 3584K, used 608K [0x00000000d5580000, 0x00000000d5a00000, 0x0000000100000000)
  eden space 2560K, 0% used [0x00000000d5580000,0x00000000d5580000,0x00000000d5800000)
  from space 1024K, 59% used [0x00000000d5900000,0x00000000d5998000,0x00000000d5a00000)
  to   space 1024K, 0% used [0x00000000d5800000,0x00000000d5800000,0x00000000d5900000)
 ParOldGen       total 263680K, used 263590K [0x0000000080000000, 0x0000000090180000, 0x00000000d5580000)
  object space 263680K, 99% used [0x0000000080000000,0x00000000901699e0,0x0000000090180000)
 Metaspace       used 57482K, committed 58816K, reserved 1114112K
  class space    used 5921K, committed 6528K, reserved 1048576K
}
Event: 7.003 GC heap before
{Heap before GC invocations=285 (full 2):
 PSYoungGen      total 3584K, used 3168K [0x00000000d5580000, 0x00000000d5a00000, 0x0000000100000000)
  eden space 2560K, 100% used [0x00000000d5580000,0x00000000d5800000,0x00000000d5800000)
  from space 1024K, 59% used [0x00000000d5900000,0x00000000d5998000,0x00000000d5a00000)
  to   space 1024K, 0% used [0x00000000d5800000,0x00000000d5800000,0x00000000d5900000)
 ParOldGen       total 263680K, used 263590K [0x0000000080000000, 0x0000000090180000, 0x00000000d5580000)
  object space 263680K, 99% used [0x0000000080000000,0x00000000901699e0,0x0000000090180000)
 Metaspace       used 57485K, committed 58816K, reserved 1114112K
  class space    used 5922K, committed 6528K, reserved 1048576K
}
Event: 7.003 GC heap after
{Heap after GC invocations=285 (full 2):
 PSYoungGen      total 3584K, used 719K [0x00000000d5580000, 0x00000000d5a00000, 0x0000000100000000)
  eden space 2560K, 0% used [0x00000000d5580000,0x00000000d5580000,0x00000000d5800000)
  from space 1024K, 70% used [0x00000000d5800000,0x00000000d58b3e68,0x00000000d5900000)
  to   space 1024K, 0% used [0x00000000d5900000,0x00000000d5900000,0x00000000d5a00000)
 ParOldGen       total 264192K, used 264103K [0x0000000080000000, 0x0000000090200000, 0x00000000d5580000)
  object space 264192K, 99% used [0x0000000080000000,0x00000000901e9d68,0x0000000090200000)
 Metaspace       used 57485K, committed 58816K, reserved 1114112K
  class space    used 5922K, committed 6528K, reserved 1048576K
}
Event: 7.009 GC heap before
{Heap before GC invocations=286 (full 2):
 PSYoungGen      total 3584K, used 3279K [0x00000000d5580000, 0x00000000d5a00000, 0x0000000100000000)
  eden space 2560K, 100% used [0x00000000d5580000,0x00000000d5800000,0x00000000d5800000)
  from space 1024K, 70% used [0x00000000d5800000,0x00000000d58b3e68,0x00000000d5900000)
  to   space 1024K, 0% used [0x00000000d5900000,0x00000000d5900000,0x00000000d5a00000)
 ParOldGen       total 264192K, used 264103K [0x0000000080000000, 0x0000000090200000, 0x00000000d5580000)
  object space 264192K, 99% used [0x0000000080000000,0x00000000901e9d68,0x0000000090200000)
 Metaspace       used 57489K, committed 58816K, reserved 1114112K
  class space    used 5922K, committed 6528K, reserved 1048576K
}
Event: 7.010 GC heap after
{Heap after GC invocations=286 (full 2):
 PSYoungGen      total 3584K, used 754K [0x00000000d5580000, 0x00000000d5a00000, 0x0000000100000000)
  eden space 2560K, 0% used [0x00000000d5580000,0x00000000d5580000,0x00000000d5800000)
  from space 1024K, 73% used [0x00000000d5900000,0x00000000d59bca78,0x00000000d5a00000)
  to   space 1024K, 0% used [0x00000000d5800000,0x00000000d5800000,0x00000000d5900000)
 ParOldGen       total 264704K, used 264697K [0x0000000080000000, 0x0000000090280000, 0x00000000d5580000)
  object space 264704K, 99% used [0x0000000080000000,0x000000009027e788,0x0000000090280000)
 Metaspace       used 57489K, committed 58816K, reserved 1114112K
  class space    used 5922K, committed 6528K, reserved 1048576K
}
Event: 7.014 GC heap before
{Heap before GC invocations=287 (full 2):
 PSYoungGen      total 3584K, used 3313K [0x00000000d5580000, 0x00000000d5a00000, 0x0000000100000000)
  eden space 2560K, 99% used [0x00000000d5580000,0x00000000d57ffa70,0x00000000d5800000)
  from space 1024K, 73% used [0x00000000d5900000,0x00000000d59bca78,0x00000000d5a00000)
  to   space 1024K, 0% used [0x00000000d5800000,0x00000000d5800000,0x00000000d5900000)
 ParOldGen       total 264704K, used 264697K [0x0000000080000000, 0x0000000090280000, 0x00000000d5580000)
  object space 264704K, 99% used [0x0000000080000000,0x000000009027e788,0x0000000090280000)
 Metaspace       used 57523K, committed 58880K, reserved 1114112K
  class space    used 5925K, committed 6528K, reserved 1048576K
}
Event: 7.015 GC heap after
{Heap after GC invocations=287 (full 2):
 PSYoungGen      total 3584K, used 768K [0x00000000d5580000, 0x00000000d5a00000, 0x0000000100000000)
  eden space 2560K, 0% used [0x00000000d5580000,0x00000000d5580000,0x00000000d5800000)
  from space 1024K, 75% used [0x00000000d5800000,0x00000000d58c0000,0x00000000d5900000)
  to   space 1024K, 0% used [0x00000000d5900000,0x00000000d5900000,0x00000000d5a00000)
 ParOldGen       total 265728K, used 265325K [0x0000000080000000, 0x0000000090380000, 0x00000000d5580000)
  object space 265728K, 99% used [0x0000000080000000,0x000000009031b4f8,0x0000000090380000)
 Metaspace       used 57523K, committed 58880K, reserved 1114112K
  class space    used 5925K, committed 6528K, reserved 1048576K
}
Event: 7.019 GC heap before
{Heap before GC invocations=288 (full 2):
 PSYoungGen      total 3584K, used 3328K [0x00000000d5580000, 0x00000000d5a00000, 0x0000000100000000)
  eden space 2560K, 100% used [0x00000000d5580000,0x00000000d5800000,0x00000000d5800000)
  from space 1024K, 75% used [0x00000000d5800000,0x00000000d58c0000,0x00000000d5900000)
  to   space 1024K, 0% used [0x00000000d5900000,0x00000000d5900000,0x00000000d5a00000)
 ParOldGen       total 265728K, used 265325K [0x0000000080000000, 0x0000000090380000, 0x00000000d5580000)
  object space 265728K, 99% used [0x0000000080000000,0x000000009031b4f8,0x0000000090380000)
 Metaspace       used 57567K, committed 58944K, reserved 1114112K
  class space    used 5931K, committed 6528K, reserved 1048576K
}
Event: 7.020 GC heap after
{Heap after GC invocations=288 (full 2):
 PSYoungGen      total 3584K, used 672K [0x00000000d5580000, 0x00000000d5a00000, 0x0000000100000000)
  eden space 2560K, 0% used [0x00000000d5580000,0x00000000d5580000,0x00000000d5800000)
  from space 1024K, 65% used [0x00000000d5900000,0x00000000d59a8000,0x00000000d5a00000)
  to   space 1024K, 0% used [0x00000000d5800000,0x00000000d5800000,0x00000000d5900000)
 ParOldGen       total 266240K, used 265961K [0x0000000080000000, 0x0000000090400000, 0x00000000d5580000)
  object space 266240K, 99% used [0x0000000080000000,0x00000000903ba690,0x0000000090400000)
 Metaspace       used 57567K, committed 58944K, reserved 1114112K
  class space    used 5931K, committed 6528K, reserved 1048576K
}
Event: 7.024 GC heap before
{Heap before GC invocations=289 (full 2):
 PSYoungGen      total 3584K, used 3230K [0x00000000d5580000, 0x00000000d5a00000, 0x0000000100000000)
  eden space 2560K, 99% used [0x00000000d5580000,0x00000000d57ffbb8,0x00000000d5800000)
  from space 1024K, 65% used [0x00000000d5900000,0x00000000d59a8000,0x00000000d5a00000)
  to   space 1024K, 0% used [0x00000000d5800000,0x00000000d5800000,0x00000000d5900000)
 ParOldGen       total 266240K, used 265961K [0x0000000080000000, 0x0000000090400000, 0x00000000d5580000)
  object space 266240K, 99% used [0x0000000080000000,0x00000000903ba690,0x0000000090400000)
 Metaspace       used 57588K, committed 58944K, reserved 1114112K
  class space    used 5931K, committed 6528K, reserved 1048576K
}
Event: 7.025 GC heap after
{Heap after GC invocations=289 (full 2):
 PSYoungGen      total 3584K, used 704K [0x00000000d5580000, 0x00000000d5a00000, 0x0000000100000000)
  eden space 2560K, 0% used [0x00000000d5580000,0x00000000d5580000,0x00000000d5800000)
  from space 1024K, 68% used [0x00000000d5800000,0x00000000d58b0000,0x00000000d5900000)
  to   space 1024K, 0% used [0x00000000d5900000,0x00000000d5900000,0x00000000d5a00000)
 ParOldGen       total 266752K, used 266519K [0x0000000080000000, 0x0000000090480000, 0x00000000d5580000)
  object space 266752K, 99% used [0x0000000080000000,0x0000000090445f08,0x0000000090480000)
 Metaspace       used 57588K, committed 58944K, reserved 1114112K
  class space    used 5931K, committed 6528K, reserved 1048576K
}
Event: 7.031 GC heap before
{Heap before GC invocations=290 (full 2):
 PSYoungGen      total 3584K, used 3264K [0x00000000d5580000, 0x00000000d5a00000, 0x0000000100000000)
  eden space 2560K, 100% used [0x00000000d5580000,0x00000000d5800000,0x00000000d5800000)
  from space 1024K, 68% used [0x00000000d5800000,0x00000000d58b0000,0x00000000d5900000)
  to   space 1024K, 0% used [0x00000000d5900000,0x00000000d5900000,0x00000000d5a00000)
 ParOldGen       total 266752K, used 266519K [0x0000000080000000, 0x0000000090480000, 0x00000000d5580000)
  object space 266752K, 99% used [0x0000000080000000,0x0000000090445f08,0x0000000090480000)
 Metaspace       used 57599K, committed 58944K, reserved 1114112K
  class space    used 5932K, committed 6528K, reserved 1048576K
}
Event: 7.032 GC heap after
{Heap after GC invocations=290 (full 2):
 PSYoungGen      total 3584K, used 800K [0x00000000d5580000, 0x00000000d5a00000, 0x0000000100000000)
  eden space 2560K, 0% used [0x00000000d5580000,0x00000000d5580000,0x00000000d5800000)
  from space 1024K, 78% used [0x00000000d5900000,0x00000000d59c8000,0x00000000d5a00000)
  to   space 1024K, 0% used [0x00000000d5800000,0x00000000d5800000,0x00000000d5900000)
 ParOldGen       total 267264K, used 267065K [0x0000000080000000, 0x0000000090500000, 0x00000000d5580000)
  object space 267264K, 99% used [0x0000000080000000,0x00000000904ce448,0x0000000090500000)
 Metaspace       used 57599K, committed 58944K, reserved 1114112K
  class space    used 5932K, committed 6528K, reserved 1048576K
}

