# JRE version: OpenJDK Runtime Environment Temurin-21.0.7+6 (21.0.7+6) (build 21.0.7+6-LTS)
# Java VM: OpenJDK 64-Bit Server VM Temurin-21.0.7+6 (21.0.7+6-LTS, mixed mode, sharing, tiered, compressed oops, compressed class ptrs, parallel gc, windows-amd64)
GC Precious Log:
 CardTable entry size: 512
 CPUs: 12 total, 12 available
 Memory: 15712M
 Large Page Support: Disabled
 NUMA Support: Disabled
 Compressed Oops: Enabled (32-bit)
 Alignments: Space 512K, Generation 512K, Heap 2M
 Heap Min Capacity: 100M
 Heap Initial Capacity: 100M
 Heap Max Capacity: 2G
 Pre-touch: Disabled
 Parallel Workers: 10
Heap:
 PSYoungGen      total 3584K, used 2457K [0x00000000d5580000, 0x00000000d5a00000, 0x0000000100000000)
  eden space 2560K, 70% used [0x00000000d5580000,0x00000000d57413b0,0x00000000d5800000)
  from space 1024K, 64% used [0x00000000d5800000,0x00000000d58a51a0,0x00000000d5900000)
  to   space 1024K, 0% used [0x00000000d5900000,0x00000000d5900000,0x00000000d5a00000)
 ParOldGen       total 223232K, used 222735K [0x0000000080000000, 0x000000008da00000, 0x00000000d5580000)
  object space 223232K, 99% used [0x0000000080000000,0x000000008d983fa8,0x000000008da00000)
 Metaspace       used 62990K, committed 64384K, reserved 1114112K
  class space    used 6608K, committed 7232K, reserved 1048576K
GC Heap History (20 events):
Event: 24.857 GC heap before
{Heap before GC invocations=175 (full 3):
 PSYoungGen      total 3584K, used 3231K [0x00000000d5580000, 0x00000000d5a00000, 0x0000000100000000)
  eden space 2560K, 99% used [0x00000000d5580000,0x00000000d57ffff0,0x00000000d5800000)
  from space 1024K, 65% used [0x00000000d5800000,0x00000000d58a8000,0x00000000d5900000)
  to   space 1024K, 0% used [0x00000000d5900000,0x00000000d5900000,0x00000000d5a00000)
 ParOldGen       total 216064K, used 215601K [0x0000000080000000, 0x000000008d300000, 0x00000000d5580000)
  object space 216064K, 99% used [0x0000000080000000,0x000000008d28c550,0x000000008d300000)
 Metaspace       used 62246K, committed 63616K, reserved 1114112K
  class space    used 6494K, committed 7104K, reserved 1048576K
}
Event: 24.858 GC heap after
{Heap after GC invocations=175 (full 3):
 PSYoungGen      total 3584K, used 709K [0x00000000d5580000, 0x00000000d5a00000, 0x0000000100000000)
  eden space 2560K, 0% used [0x00000000d5580000,0x00000000d5580000,0x00000000d5800000)
  from space 1024K, 69% used [0x00000000d5900000,0x00000000d59b17c8,0x00000000d5a00000)
  to   space 1024K, 0% used [0x00000000d5800000,0x00000000d5800000,0x00000000d5900000)
 ParOldGen       total 216576K, used 216124K [0x0000000080000000, 0x000000008d380000, 0x00000000d5580000)
  object space 216576K, 99% used [0x0000000080000000,0x000000008d30f3f8,0x000000008d380000)
 Metaspace       used 62246K, committed 63616K, reserved 1114112K
  class space    used 6494K, committed 7104K, reserved 1048576K
}
Event: 24.866 GC heap before
{Heap before GC invocations=176 (full 3):
 PSYoungGen      total 3584K, used 3269K [0x00000000d5580000, 0x00000000d5a00000, 0x0000000100000000)
  eden space 2560K, 100% used [0x00000000d5580000,0x00000000d5800000,0x00000000d5800000)
  from space 1024K, 69% used [0x00000000d5900000,0x00000000d59b17c8,0x00000000d5a00000)
  to   space 1024K, 0% used [0x00000000d5800000,0x00000000d5800000,0x00000000d5900000)
 ParOldGen       total 216576K, used 216124K [0x0000000080000000, 0x000000008d380000, 0x00000000d5580000)
  object space 216576K, 99% used [0x0000000080000000,0x000000008d30f3f8,0x000000008d380000)
 Metaspace       used 62253K, committed 63616K, reserved 1114112K
  class space    used 6494K, committed 7104K, reserved 1048576K
}
Event: 24.867 GC heap after
{Heap after GC invocations=176 (full 3):
 PSYoungGen      total 3584K, used 807K [0x00000000d5580000, 0x00000000d5a00000, 0x0000000100000000)
  eden space 2560K, 0% used [0x00000000d5580000,0x00000000d5580000,0x00000000d5800000)
  from space 1024K, 78% used [0x00000000d5800000,0x00000000d58c9ee0,0x00000000d5900000)
  to   space 1024K, 0% used [0x00000000d5900000,0x00000000d5900000,0x00000000d5a00000)
 ParOldGen       total 217088K, used 216684K [0x0000000080000000, 0x000000008d400000, 0x00000000d5580000)
  object space 217088K, 99% used [0x0000000080000000,0x000000008d39b2c8,0x000000008d400000)
 Metaspace       used 62253K, committed 63616K, reserved 1114112K
  class space    used 6494K, committed 7104K, reserved 1048576K
}
Event: 24.875 GC heap before
{Heap before GC invocations=177 (full 3):
 PSYoungGen      total 3584K, used 3367K [0x00000000d5580000, 0x00000000d5a00000, 0x0000000100000000)
  eden space 2560K, 100% used [0x00000000d5580000,0x00000000d5800000,0x00000000d5800000)
  from space 1024K, 78% used [0x00000000d5800000,0x00000000d58c9ee0,0x00000000d5900000)
  to   space 1024K, 0% used [0x00000000d5900000,0x00000000d5900000,0x00000000d5a00000)
 ParOldGen       total 217088K, used 216684K [0x0000000080000000, 0x000000008d400000, 0x00000000d5580000)
  object space 217088K, 99% used [0x0000000080000000,0x000000008d39b2c8,0x000000008d400000)
 Metaspace       used 62277K, committed 63616K, reserved 1114112K
  class space    used 6494K, committed 7104K, reserved 1048576K
}
Event: 24.876 GC heap after
{Heap after GC invocations=177 (full 3):
 PSYoungGen      total 3584K, used 800K [0x00000000d5580000, 0x00000000d5a00000, 0x0000000100000000)
  eden space 2560K, 0% used [0x00000000d5580000,0x00000000d5580000,0x00000000d5800000)
  from space 1024K, 78% used [0x00000000d5900000,0x00000000d59c8000,0x00000000d5a00000)
  to   space 1024K, 0% used [0x00000000d5800000,0x00000000d5800000,0x00000000d5900000)
 ParOldGen       total 217600K, used 217246K [0x0000000080000000, 0x000000008d480000, 0x00000000d5580000)
  object space 217600K, 99% used [0x0000000080000000,0x000000008d427bf0,0x000000008d480000)
 Metaspace       used 62277K, committed 63616K, reserved 1114112K
  class space    used 6494K, committed 7104K, reserved 1048576K
}
Event: 24.886 GC heap before
{Heap before GC invocations=178 (full 3):
 PSYoungGen      total 3584K, used 3360K [0x00000000d5580000, 0x00000000d5a00000, 0x0000000100000000)
  eden space 2560K, 100% used [0x00000000d5580000,0x00000000d5800000,0x00000000d5800000)
  from space 1024K, 78% used [0x00000000d5900000,0x00000000d59c8000,0x00000000d5a00000)
  to   space 1024K, 0% used [0x00000000d5800000,0x00000000d5800000,0x00000000d5900000)
 ParOldGen       total 217600K, used 217246K [0x0000000080000000, 0x000000008d480000, 0x00000000d5580000)
  object space 217600K, 99% used [0x0000000080000000,0x000000008d427bf0,0x000000008d480000)
 Metaspace       used 62295K, committed 63680K, reserved 1114112K
  class space    used 6499K, committed 7104K, reserved 1048576K
}
Event: 24.887 GC heap after
{Heap after GC invocations=178 (full 3):
 PSYoungGen      total 3584K, used 710K [0x00000000d5580000, 0x00000000d5a00000, 0x0000000100000000)
  eden space 2560K, 0% used [0x00000000d5580000,0x00000000d5580000,0x00000000d5800000)
  from space 1024K, 69% used [0x00000000d5800000,0x00000000d58b1b30,0x00000000d5900000)
  to   space 1024K, 0% used [0x00000000d5900000,0x00000000d5900000,0x00000000d5a00000)
 ParOldGen       total 218112K, used 217802K [0x0000000080000000, 0x000000008d500000, 0x00000000d5580000)
  object space 218112K, 99% used [0x0000000080000000,0x000000008d4b2a80,0x000000008d500000)
 Metaspace       used 62295K, committed 63680K, reserved 1114112K
  class space    used 6499K, committed 7104K, reserved 1048576K
}
Event: 24.921 GC heap before
{Heap before GC invocations=179 (full 3):
 PSYoungGen      total 3584K, used 3270K [0x00000000d5580000, 0x00000000d5a00000, 0x0000000100000000)
  eden space 2560K, 100% used [0x00000000d5580000,0x00000000d5800000,0x00000000d5800000)
  from space 1024K, 69% used [0x00000000d5800000,0x00000000d58b1b30,0x00000000d5900000)
  to   space 1024K, 0% used [0x00000000d5900000,0x00000000d5900000,0x00000000d5a00000)
 ParOldGen       total 218112K, used 217802K [0x0000000080000000, 0x000000008d500000, 0x00000000d5580000)
  object space 218112K, 99% used [0x0000000080000000,0x000000008d4b2a80,0x000000008d500000)
 Metaspace       used 62366K, committed 63680K, reserved 1114112K
  class space    used 6512K, committed 7104K, reserved 1048576K
}
Event: 24.922 GC heap after
{Heap after GC invocations=179 (full 3):
 PSYoungGen      total 3584K, used 660K [0x00000000d5580000, 0x00000000d5a00000, 0x0000000100000000)
  eden space 2560K, 0% used [0x00000000d5580000,0x00000000d5580000,0x00000000d5800000)
  from space 1024K, 64% used [0x00000000d5900000,0x00000000d59a5160,0x00000000d5a00000)
  to   space 1024K, 0% used [0x00000000d5800000,0x00000000d5800000,0x00000000d5900000)
 ParOldGen       total 218624K, used 218365K [0x0000000080000000, 0x000000008d580000, 0x00000000d5580000)
  object space 218624K, 99% used [0x0000000080000000,0x000000008d53f5d0,0x000000008d580000)
 Metaspace       used 62366K, committed 63680K, reserved 1114112K
  class space    used 6512K, committed 7104K, reserved 1048576K
}
Event: 24.929 GC heap before
{Heap before GC invocations=180 (full 3):
 PSYoungGen      total 3584K, used 3220K [0x00000000d5580000, 0x00000000d5a00000, 0x0000000100000000)
  eden space 2560K, 99% used [0x00000000d5580000,0x00000000d57ffff8,0x00000000d5800000)
  from space 1024K, 64% used [0x00000000d5900000,0x00000000d59a5160,0x00000000d5a00000)
  to   space 1024K, 0% used [0x00000000d5800000,0x00000000d5800000,0x00000000d5900000)
 ParOldGen       total 218624K, used 218365K [0x0000000080000000, 0x000000008d580000, 0x00000000d5580000)
  object space 218624K, 99% used [0x0000000080000000,0x000000008d53f5d0,0x000000008d580000)
 Metaspace       used 62433K, committed 63744K, reserved 1114112K
  class space    used 6520K, committed 7104K, reserved 1048576K
}
Event: 24.930 GC heap after
{Heap after GC invocations=180 (full 3):
 PSYoungGen      total 3584K, used 512K [0x00000000d5580000, 0x00000000d5a00000, 0x0000000100000000)
  eden space 2560K, 0% used [0x00000000d5580000,0x00000000d5580000,0x00000000d5800000)
  from space 1024K, 50% used [0x00000000d5800000,0x00000000d5880000,0x00000000d5900000)
  to   space 1024K, 0% used [0x00000000d5900000,0x00000000d5900000,0x00000000d5a00000)
 ParOldGen       total 219136K, used 218850K [0x0000000080000000, 0x000000008d600000, 0x00000000d5580000)
  object space 219136K, 99% used [0x0000000080000000,0x000000008d5b8a90,0x000000008d600000)
 Metaspace       used 62433K, committed 63744K, reserved 1114112K
  class space    used 6520K, committed 7104K, reserved 1048576K
}
Event: 24.938 GC heap before
{Heap before GC invocations=181 (full 3):
 PSYoungGen      total 3584K, used 3072K [0x00000000d5580000, 0x00000000d5a00000, 0x0000000100000000)
  eden space 2560K, 100% used [0x00000000d5580000,0x00000000d5800000,0x00000000d5800000)
  from space 1024K, 50% used [0x00000000d5800000,0x00000000d5880000,0x00000000d5900000)
  to   space 1024K, 0% used [0x00000000d5900000,0x00000000d5900000,0x00000000d5a00000)
 ParOldGen       total 219136K, used 218850K [0x0000000080000000, 0x000000008d600000, 0x00000000d5580000)
  object space 219136K, 99% used [0x0000000080000000,0x000000008d5b8a90,0x000000008d600000)
 Metaspace       used 62476K, committed 63872K, reserved 1114112K
  class space    used 6526K, committed 7168K, reserved 1048576K
}
Event: 24.940 GC heap after
{Heap after GC invocations=181 (full 3):
 PSYoungGen      total 3584K, used 669K [0x00000000d5580000, 0x00000000d5a00000, 0x0000000100000000)
  eden space 2560K, 0% used [0x00000000d5580000,0x00000000d5580000,0x00000000d5800000)
  from space 1024K, 65% used [0x00000000d5900000,0x00000000d59a75a8,0x00000000d5a00000)
  to   space 1024K, 0% used [0x00000000d5800000,0x00000000d5800000,0x00000000d5900000)
 ParOldGen       total 219648K, used 219276K [0x0000000080000000, 0x000000008d680000, 0x00000000d5580000)
  object space 219648K, 99% used [0x0000000080000000,0x000000008d6233d8,0x000000008d680000)
 Metaspace       used 62476K, committed 63872K, reserved 1114112K
  class space    used 6526K, committed 7168K, reserved 1048576K
}
Event: 24.947 GC heap before
{Heap before GC invocations=182 (full 3):
 PSYoungGen      total 3584K, used 3229K [0x00000000d5580000, 0x00000000d5a00000, 0x0000000100000000)
  eden space 2560K, 99% used [0x00000000d5580000,0x00000000d57ffff0,0x00000000d5800000)
  from space 1024K, 65% used [0x00000000d5900000,0x00000000d59a75a8,0x00000000d5a00000)
  to   space 1024K, 0% used [0x00000000d5800000,0x00000000d5800000,0x00000000d5900000)
 ParOldGen       total 219648K, used 219276K [0x0000000080000000, 0x000000008d680000, 0x00000000d5580000)
  object space 219648K, 99% used [0x0000000080000000,0x000000008d6233d8,0x000000008d680000)
 Metaspace       used 62540K, committed 63936K, reserved 1114112K
  class space    used 6529K, committed 7168K, reserved 1048576K
}
Event: 24.949 GC heap after
{Heap after GC invocations=182 (full 3):
 PSYoungGen      total 3584K, used 792K [0x00000000d5580000, 0x00000000d5a00000, 0x0000000100000000)
  eden space 2560K, 0% used [0x00000000d5580000,0x00000000d5580000,0x00000000d5800000)
  from space 1024K, 77% used [0x00000000d5800000,0x00000000d58c6068,0x00000000d5900000)
  to   space 1024K, 0% used [0x00000000d5900000,0x00000000d5900000,0x00000000d5a00000)
 ParOldGen       total 220160K, used 219808K [0x0000000080000000, 0x000000008d700000, 0x00000000d5580000)
  object space 220160K, 99% used [0x0000000080000000,0x000000008d6a8010,0x000000008d700000)
 Metaspace       used 62540K, committed 63936K, reserved 1114112K
  class space    used 6529K, committed 7168K, reserved 1048576K
}
Event: 24.956 GC heap before
{Heap before GC invocations=183 (full 3):
 PSYoungGen      total 3584K, used 3352K [0x00000000d5580000, 0x00000000d5a00000, 0x0000000100000000)
  eden space 2560K, 100% used [0x00000000d5580000,0x00000000d5800000,0x00000000d5800000)
  from space 1024K, 77% used [0x00000000d5800000,0x00000000d58c6068,0x00000000d5900000)
  to   space 1024K, 0% used [0x00000000d5900000,0x00000000d5900000,0x00000000d5a00000)
 ParOldGen       total 220160K, used 219808K [0x0000000080000000, 0x000000008d700000, 0x00000000d5580000)
  object space 220160K, 99% used [0x0000000080000000,0x000000008d6a8010,0x000000008d700000)
 Metaspace       used 62557K, committed 63936K, reserved 1114112K
  class space    used 6531K, committed 7168K, reserved 1048576K
}
Event: 24.957 GC heap after
{Heap after GC invocations=183 (full 3):
 PSYoungGen      total 3584K, used 716K [0x00000000d5580000, 0x00000000d5a00000, 0x0000000100000000)
  eden space 2560K, 0% used [0x00000000d5580000,0x00000000d5580000,0x00000000d5800000)
  from space 1024K, 69% used [0x00000000d5900000,0x00000000d59b3228,0x00000000d5a00000)
  to   space 1024K, 0% used [0x00000000d5800000,0x00000000d5800000,0x00000000d5900000)
 ParOldGen       total 220672K, used 220349K [0x0000000080000000, 0x000000008d780000, 0x00000000d5580000)
  object space 220672K, 99% used [0x0000000080000000,0x000000008d72f678,0x000000008d780000)
 Metaspace       used 62557K, committed 63936K, reserved 1114112K
  class space    used 6531K, committed 7168K, reserved 1048576K
}
Event: 24.962 GC heap before
{Heap before GC invocations=184 (full 3):
 PSYoungGen      total 3584K, used 3276K [0x00000000d5580000, 0x00000000d5a00000, 0x0000000100000000)
  eden space 2560K, 100% used [0x00000000d5580000,0x00000000d5800000,0x00000000d5800000)
  from space 1024K, 69% used [0x00000000d5900000,0x00000000d59b3228,0x00000000d5a00000)
  to   space 1024K, 0% used [0x00000000d5800000,0x00000000d5800000,0x00000000d5900000)
 ParOldGen       total 220672K, used 220349K [0x0000000080000000, 0x000000008d780000, 0x00000000d5580000)
  object space 220672K, 99% used [0x0000000080000000,0x000000008d72f678,0x000000008d780000)
 Metaspace       used 62655K, committed 64064K, reserved 1114112K
  class space    used 6541K, committed 7168K, reserved 1048576K
}
Event: 24.963 GC heap after
{Heap after GC invocations=184 (full 3):
 PSYoungGen      total 3584K, used 544K [0x00000000d5580000, 0x00000000d5a00000, 0x0000000100000000)
  eden space 2560K, 0% used [0x00000000d5580000,0x00000000d5580000,0x00000000d5800000)
  from space 1024K, 53% used [0x00000000d5800000,0x00000000d5888000,0x00000000d5900000)
  to   space 1024K, 0% used [0x00000000d5900000,0x00000000d5900000,0x00000000d5a00000)
 ParOldGen       total 221184K, used 220717K [0x0000000080000000, 0x000000008d800000, 0x00000000d5580000)
  object space 221184K, 99% used [0x0000000080000000,0x000000008d78b5d8,0x000000008d800000)
 Metaspace       used 62655K, committed 64064K, reserved 1114112K
  class space    used 6541K, committed 7168K, reserved 1048576K
}

