# JRE version: OpenJDK Runtime Environment Temurin-21.0.7+6 (21.0.7+6) (build 21.0.7+6-LTS)
# Java VM: OpenJDK 64-Bit Server VM Temurin-21.0.7+6 (21.0.7+6-LTS, mixed mode, sharing, tiered, compressed oops, compressed class ptrs, parallel gc, windows-amd64)
GC Precious Log:
 CardTable entry size: 512
 CPUs: 12 total, 12 available
 Memory: 15712M
 Large Page Support: Disabled
 NUMA Support: Disabled
 Compressed Oops: Enabled (32-bit)
 Alignments: Space 512K, Generation 512K, Heap 2M
 Heap Min Capacity: 100M
 Heap Initial Capacity: 100M
 Heap Max Capacity: 2G
 Pre-touch: Disabled
 Parallel Workers: 10
Heap:
 PSYoungGen      total 3584K, used 3309K [0x00000000d5580000, 0x00000000d5a00000, 0x0000000100000000)
  eden space 2560K, 100% used [0x00000000d5580000,0x00000000d5800000,0x00000000d5800000)
  from space 1024K, 73% used [0x00000000d5900000,0x00000000d59bb508,0x00000000d5a00000)
  to   space 1024K, 57% used [0x00000000d5800000,0x00000000d5892660,0x00000000d5900000)
 ParOldGen       total 293376K, used 292939K [0x0000000080000000, 0x0000000091e80000, 0x00000000d5580000)
  object space 293376K, 99% used [0x0000000080000000,0x0000000091e12cd8,0x0000000091e80000)
 Metaspace       used 58117K, committed 59456K, reserved 1114112K
  class space    used 5996K, committed 6592K, reserved 1048576K
GC Heap History (20 events):
Event: 7.597 GC heap before
{Heap before GC invocations=263 (full 2):
 PSYoungGen      total 3584K, used 3296K [0x00000000d5580000, 0x00000000d5a00000, 0x0000000100000000)
  eden space 2560K, 100% used [0x00000000d5580000,0x00000000d5800000,0x00000000d5800000)
  from space 1024K, 71% used [0x00000000d5900000,0x00000000d59b8000,0x00000000d5a00000)
  to   space 1024K, 0% used [0x00000000d5800000,0x00000000d5800000,0x00000000d5900000)
 ParOldGen       total 286208K, used 285734K [0x0000000080000000, 0x0000000091780000, 0x00000000d5580000)
  object space 286208K, 99% used [0x0000000080000000,0x0000000091709ba8,0x0000000091780000)
 Metaspace       used 57636K, committed 58880K, reserved 1114112K
  class space    used 5941K, committed 6528K, reserved 1048576K
}
Event: 7.597 GC heap after
{Heap after GC invocations=263 (full 2):
 PSYoungGen      total 3584K, used 677K [0x00000000d5580000, 0x00000000d5a00000, 0x0000000100000000)
  eden space 2560K, 0% used [0x00000000d5580000,0x00000000d5580000,0x00000000d5800000)
  from space 1024K, 66% used [0x00000000d5800000,0x00000000d58a95e8,0x00000000d5900000)
  to   space 1024K, 0% used [0x00000000d5900000,0x00000000d5900000,0x00000000d5a00000)
 ParOldGen       total 286720K, used 286308K [0x0000000080000000, 0x0000000091800000, 0x00000000d5580000)
  object space 286720K, 99% used [0x0000000080000000,0x0000000091799300,0x0000000091800000)
 Metaspace       used 57636K, committed 58880K, reserved 1114112K
  class space    used 5941K, committed 6528K, reserved 1048576K
}
Event: 7.601 GC heap before
{Heap before GC invocations=264 (full 2):
 PSYoungGen      total 3584K, used 3237K [0x00000000d5580000, 0x00000000d5a00000, 0x0000000100000000)
  eden space 2560K, 100% used [0x00000000d5580000,0x00000000d5800000,0x00000000d5800000)
  from space 1024K, 66% used [0x00000000d5800000,0x00000000d58a95e8,0x00000000d5900000)
  to   space 1024K, 0% used [0x00000000d5900000,0x00000000d5900000,0x00000000d5a00000)
 ParOldGen       total 286720K, used 286308K [0x0000000080000000, 0x0000000091800000, 0x00000000d5580000)
  object space 286720K, 99% used [0x0000000080000000,0x0000000091799300,0x0000000091800000)
 Metaspace       used 57641K, committed 59008K, reserved 1114112K
  class space    used 5941K, committed 6592K, reserved 1048576K
}
Event: 7.602 GC heap after
{Heap after GC invocations=264 (full 2):
 PSYoungGen      total 3584K, used 792K [0x00000000d5580000, 0x00000000d5a00000, 0x0000000100000000)
  eden space 2560K, 0% used [0x00000000d5580000,0x00000000d5580000,0x00000000d5800000)
  from space 1024K, 77% used [0x00000000d5900000,0x00000000d59c6330,0x00000000d5a00000)
  to   space 1024K, 0% used [0x00000000d5800000,0x00000000d5800000,0x00000000d5900000)
 ParOldGen       total 287232K, used 286869K [0x0000000080000000, 0x0000000091880000, 0x00000000d5580000)
  object space 287232K, 99% used [0x0000000080000000,0x0000000091825578,0x0000000091880000)
 Metaspace       used 57641K, committed 59008K, reserved 1114112K
  class space    used 5941K, committed 6592K, reserved 1048576K
}
Event: 7.608 GC heap before
{Heap before GC invocations=265 (full 2):
 PSYoungGen      total 3584K, used 3352K [0x00000000d5580000, 0x00000000d5a00000, 0x0000000100000000)
  eden space 2560K, 100% used [0x00000000d5580000,0x00000000d5800000,0x00000000d5800000)
  from space 1024K, 77% used [0x00000000d5900000,0x00000000d59c6330,0x00000000d5a00000)
  to   space 1024K, 0% used [0x00000000d5800000,0x00000000d5800000,0x00000000d5900000)
 ParOldGen       total 287232K, used 286869K [0x0000000080000000, 0x0000000091880000, 0x00000000d5580000)
  object space 287232K, 99% used [0x0000000080000000,0x0000000091825578,0x0000000091880000)
 Metaspace       used 57647K, committed 59008K, reserved 1114112K
  class space    used 5941K, committed 6592K, reserved 1048576K
}
Event: 7.609 GC heap after
{Heap after GC invocations=265 (full 2):
 PSYoungGen      total 3584K, used 741K [0x00000000d5580000, 0x00000000d5a00000, 0x0000000100000000)
  eden space 2560K, 0% used [0x00000000d5580000,0x00000000d5580000,0x00000000d5800000)
  from space 1024K, 72% used [0x00000000d5800000,0x00000000d58b9580,0x00000000d5900000)
  to   space 1024K, 0% used [0x00000000d5900000,0x00000000d5900000,0x00000000d5a00000)
 ParOldGen       total 287744K, used 287452K [0x0000000080000000, 0x0000000091900000, 0x00000000d5580000)
  object space 287744K, 99% used [0x0000000080000000,0x00000000918b73b8,0x0000000091900000)
 Metaspace       used 57647K, committed 59008K, reserved 1114112K
  class space    used 5941K, committed 6592K, reserved 1048576K
}
Event: 7.616 GC heap before
{Heap before GC invocations=266 (full 2):
 PSYoungGen      total 3584K, used 3301K [0x00000000d5580000, 0x00000000d5a00000, 0x0000000100000000)
  eden space 2560K, 100% used [0x00000000d5580000,0x00000000d5800000,0x00000000d5800000)
  from space 1024K, 72% used [0x00000000d5800000,0x00000000d58b9580,0x00000000d5900000)
  to   space 1024K, 0% used [0x00000000d5900000,0x00000000d5900000,0x00000000d5a00000)
 ParOldGen       total 287744K, used 287452K [0x0000000080000000, 0x0000000091900000, 0x00000000d5580000)
  object space 287744K, 99% used [0x0000000080000000,0x00000000918b73b8,0x0000000091900000)
 Metaspace       used 57683K, committed 59008K, reserved 1114112K
  class space    used 5941K, committed 6592K, reserved 1048576K
}
Event: 7.617 GC heap after
{Heap after GC invocations=266 (full 2):
 PSYoungGen      total 3584K, used 768K [0x00000000d5580000, 0x00000000d5a00000, 0x0000000100000000)
  eden space 2560K, 0% used [0x00000000d5580000,0x00000000d5580000,0x00000000d5800000)
  from space 1024K, 75% used [0x00000000d5900000,0x00000000d59c0208,0x00000000d5a00000)
  to   space 1024K, 0% used [0x00000000d5800000,0x00000000d5800000,0x00000000d5900000)
 ParOldGen       total 288256K, used 288059K [0x0000000080000000, 0x0000000091980000, 0x00000000d5580000)
  object space 288256K, 99% used [0x0000000080000000,0x000000009194ee68,0x0000000091980000)
 Metaspace       used 57683K, committed 59008K, reserved 1114112K
  class space    used 5941K, committed 6592K, reserved 1048576K
}
Event: 7.623 GC heap before
{Heap before GC invocations=267 (full 2):
 PSYoungGen      total 3584K, used 3328K [0x00000000d5580000, 0x00000000d5a00000, 0x0000000100000000)
  eden space 2560K, 100% used [0x00000000d5580000,0x00000000d5800000,0x00000000d5800000)
  from space 1024K, 75% used [0x00000000d5900000,0x00000000d59c0208,0x00000000d5a00000)
  to   space 1024K, 0% used [0x00000000d5800000,0x00000000d5800000,0x00000000d5900000)
 ParOldGen       total 288256K, used 288059K [0x0000000080000000, 0x0000000091980000, 0x00000000d5580000)
  object space 288256K, 99% used [0x0000000080000000,0x000000009194ee68,0x0000000091980000)
 Metaspace       used 57694K, committed 59008K, reserved 1114112K
  class space    used 5943K, committed 6592K, reserved 1048576K
}
Event: 7.624 GC heap after
{Heap after GC invocations=267 (full 2):
 PSYoungGen      total 3584K, used 657K [0x00000000d5580000, 0x00000000d5a00000, 0x0000000100000000)
  eden space 2560K, 0% used [0x00000000d5580000,0x00000000d5580000,0x00000000d5800000)
  from space 1024K, 64% used [0x00000000d5800000,0x00000000d58a4478,0x00000000d5900000)
  to   space 1024K, 0% used [0x00000000d5900000,0x00000000d5900000,0x00000000d5a00000)
 ParOldGen       total 288768K, used 288643K [0x0000000080000000, 0x0000000091a00000, 0x00000000d5580000)
  object space 288768K, 99% used [0x0000000080000000,0x00000000919e0c08,0x0000000091a00000)
 Metaspace       used 57694K, committed 59008K, reserved 1114112K
  class space    used 5943K, committed 6592K, reserved 1048576K
}
Event: 7.630 GC heap before
{Heap before GC invocations=268 (full 2):
 PSYoungGen      total 3584K, used 3217K [0x00000000d5580000, 0x00000000d5a00000, 0x0000000100000000)
  eden space 2560K, 100% used [0x00000000d5580000,0x00000000d5800000,0x00000000d5800000)
  from space 1024K, 64% used [0x00000000d5800000,0x00000000d58a4478,0x00000000d5900000)
  to   space 1024K, 0% used [0x00000000d5900000,0x00000000d5900000,0x00000000d5a00000)
 ParOldGen       total 288768K, used 288643K [0x0000000080000000, 0x0000000091a00000, 0x00000000d5580000)
  object space 288768K, 99% used [0x0000000080000000,0x00000000919e0c08,0x0000000091a00000)
 Metaspace       used 57733K, committed 59136K, reserved 1114112K
  class space    used 5946K, committed 6592K, reserved 1048576K
}
Event: 7.631 GC heap after
{Heap after GC invocations=268 (full 2):
 PSYoungGen      total 3584K, used 698K [0x00000000d5580000, 0x00000000d5a00000, 0x0000000100000000)
  eden space 2560K, 0% used [0x00000000d5580000,0x00000000d5580000,0x00000000d5800000)
  from space 1024K, 68% used [0x00000000d5900000,0x00000000d59aeac0,0x00000000d5a00000)
  to   space 1024K, 0% used [0x00000000d5800000,0x00000000d5800000,0x00000000d5900000)
 ParOldGen       total 289280K, used 289158K [0x0000000080000000, 0x0000000091a80000, 0x00000000d5580000)
  object space 289280K, 99% used [0x0000000080000000,0x0000000091a619e8,0x0000000091a80000)
 Metaspace       used 57733K, committed 59136K, reserved 1114112K
  class space    used 5946K, committed 6592K, reserved 1048576K
}
Event: 7.637 GC heap before
{Heap before GC invocations=269 (full 2):
 PSYoungGen      total 3584K, used 3258K [0x00000000d5580000, 0x00000000d5a00000, 0x0000000100000000)
  eden space 2560K, 99% used [0x00000000d5580000,0x00000000d57fffe8,0x00000000d5800000)
  from space 1024K, 68% used [0x00000000d5900000,0x00000000d59aeac0,0x00000000d5a00000)
  to   space 1024K, 0% used [0x00000000d5800000,0x00000000d5800000,0x00000000d5900000)
 ParOldGen       total 289280K, used 289158K [0x0000000080000000, 0x0000000091a80000, 0x00000000d5580000)
  object space 289280K, 99% used [0x0000000080000000,0x0000000091a619e8,0x0000000091a80000)
 Metaspace       used 57757K, committed 59136K, reserved 1114112K
  class space    used 5950K, committed 6592K, reserved 1048576K
}
Event: 7.639 GC heap after
{Heap after GC invocations=269 (full 2):
 PSYoungGen      total 3584K, used 757K [0x00000000d5580000, 0x00000000d5a00000, 0x0000000100000000)
  eden space 2560K, 0% used [0x00000000d5580000,0x00000000d5580000,0x00000000d5800000)
  from space 1024K, 73% used [0x00000000d5800000,0x00000000d58bd520,0x00000000d5900000)
  to   space 1024K, 0% used [0x00000000d5900000,0x00000000d5900000,0x00000000d5a00000)
 ParOldGen       total 289792K, used 289762K [0x0000000080000000, 0x0000000091b00000, 0x00000000d5580000)
  object space 289792K, 99% used [0x0000000080000000,0x0000000091af89f0,0x0000000091b00000)
 Metaspace       used 57757K, committed 59136K, reserved 1114112K
  class space    used 5950K, committed 6592K, reserved 1048576K
}
Event: 7.646 GC heap before
{Heap before GC invocations=270 (full 2):
 PSYoungGen      total 3584K, used 3317K [0x00000000d5580000, 0x00000000d5a00000, 0x0000000100000000)
  eden space 2560K, 100% used [0x00000000d5580000,0x00000000d5800000,0x00000000d5800000)
  from space 1024K, 73% used [0x00000000d5800000,0x00000000d58bd520,0x00000000d5900000)
  to   space 1024K, 0% used [0x00000000d5900000,0x00000000d5900000,0x00000000d5a00000)
 ParOldGen       total 289792K, used 289762K [0x0000000080000000, 0x0000000091b00000, 0x00000000d5580000)
  object space 289792K, 99% used [0x0000000080000000,0x0000000091af89f0,0x0000000091b00000)
 Metaspace       used 57766K, committed 59136K, reserved 1114112K
  class space    used 5952K, committed 6592K, reserved 1048576K
}
Event: 7.647 GC heap after
{Heap after GC invocations=270 (full 2):
 PSYoungGen      total 3584K, used 742K [0x00000000d5580000, 0x00000000d5a00000, 0x0000000100000000)
  eden space 2560K, 0% used [0x00000000d5580000,0x00000000d5580000,0x00000000d5800000)
  from space 1024K, 72% used [0x00000000d5900000,0x00000000d59b9bb8,0x00000000d5a00000)
  to   space 1024K, 0% used [0x00000000d5800000,0x00000000d5800000,0x00000000d5900000)
 ParOldGen       total 290816K, used 290423K [0x0000000080000000, 0x0000000091c00000, 0x00000000d5580000)
  object space 290816K, 99% used [0x0000000080000000,0x0000000091b9de00,0x0000000091c00000)
 Metaspace       used 57766K, committed 59136K, reserved 1114112K
  class space    used 5952K, committed 6592K, reserved 1048576K
}
Event: 7.652 GC heap before
{Heap before GC invocations=271 (full 2):
 PSYoungGen      total 3584K, used 3302K [0x00000000d5580000, 0x00000000d5a00000, 0x0000000100000000)
  eden space 2560K, 100% used [0x00000000d5580000,0x00000000d5800000,0x00000000d5800000)
  from space 1024K, 72% used [0x00000000d5900000,0x00000000d59b9bb8,0x00000000d5a00000)
  to   space 1024K, 0% used [0x00000000d5800000,0x00000000d5800000,0x00000000d5900000)
 ParOldGen       total 290816K, used 290423K [0x0000000080000000, 0x0000000091c00000, 0x00000000d5580000)
  object space 290816K, 99% used [0x0000000080000000,0x0000000091b9de00,0x0000000091c00000)
 Metaspace       used 57849K, committed 59200K, reserved 1114112K
  class space    used 5961K, committed 6592K, reserved 1048576K
}
Event: 7.654 GC heap after
{Heap after GC invocations=271 (full 2):
 PSYoungGen      total 3584K, used 596K [0x00000000d5580000, 0x00000000d5a00000, 0x0000000100000000)
  eden space 2560K, 0% used [0x00000000d5580000,0x00000000d5580000,0x00000000d5800000)
  from space 1024K, 58% used [0x00000000d5800000,0x00000000d5895348,0x00000000d5900000)
  to   space 1024K, 0% used [0x00000000d5900000,0x00000000d5900000,0x00000000d5a00000)
 ParOldGen       total 291328K, used 291029K [0x0000000080000000, 0x0000000091c80000, 0x00000000d5580000)
  object space 291328K, 99% used [0x0000000080000000,0x0000000091c354f0,0x0000000091c80000)
 Metaspace       used 57849K, committed 59200K, reserved 1114112K
  class space    used 5961K, committed 6592K, reserved 1048576K
}
Event: 7.660 GC heap before
{Heap before GC invocations=272 (full 2):
 PSYoungGen      total 3584K, used 3156K [0x00000000d5580000, 0x00000000d5a00000, 0x0000000100000000)
  eden space 2560K, 100% used [0x00000000d5580000,0x00000000d5800000,0x00000000d5800000)
  from space 1024K, 58% used [0x00000000d5800000,0x00000000d5895348,0x00000000d5900000)
  to   space 1024K, 0% used [0x00000000d5900000,0x00000000d5900000,0x00000000d5a00000)
 ParOldGen       total 291328K, used 291029K [0x0000000080000000, 0x0000000091c80000, 0x00000000d5580000)
  object space 291328K, 99% used [0x0000000080000000,0x0000000091c354f0,0x0000000091c80000)
 Metaspace       used 57916K, committed 59264K, reserved 1114112K
  class space    used 5968K, committed 6592K, reserved 1048576K
}
Event: 7.661 GC heap after
{Heap after GC invocations=272 (full 2):
 PSYoungGen      total 3584K, used 712K [0x00000000d5580000, 0x00000000d5a00000, 0x0000000100000000)
  eden space 2560K, 0% used [0x00000000d5580000,0x00000000d5580000,0x00000000d5800000)
  from space 1024K, 69% used [0x00000000d5900000,0x00000000d59b22a8,0x00000000d5a00000)
  to   space 1024K, 0% used [0x00000000d5800000,0x00000000d5800000,0x00000000d5900000)
 ParOldGen       total 291840K, used 291513K [0x0000000080000000, 0x0000000091d00000, 0x00000000d5580000)
  object space 291840K, 99% used [0x0000000080000000,0x0000000091cae710,0x0000000091d00000)
 Metaspace       used 57916K, committed 59264K, reserved 1114112K
  class space    used 5968K, committed 6592K, reserved 1048576K
}

